CRITICAL - 2024-06-25 04:24:45 --> ErrorException: Undefined property: Config\App::$CSRFHeaderName
[Method: GET, Route: admin]
in VENDORPATH\julio101290\boilerplate\src\Views\layout\index.php on line 105.
 1 VENDORPATH\julio101290\boilerplate\src\Views\layout\index.php(105): CodeIgniter\Debug\Exceptions->errorHandler()
 2 SYSTEMPATH\View\View.php(234): include('E:\\Fuentes\\medicalSoft\\vendor\\julio101290\\boilerplate\\src\\Views\\layout\\index.php')
 3 SYSTEMPATH\View\View.php(237): CodeIgniter\View\View->CodeIgniter\View\{closure}()
 4 SYSTEMPATH\View\View.php(250): CodeIgniter\View\View->render()
 5 SYSTEMPATH\Common.php(1171): CodeIgniter\View\View->render()
 6 VENDORPATH\julio101290\boilerplate\src\Controllers\DashboardController.php(16): view()
 7 SYSTEMPATH\CodeIgniter.php(933): julio101290\boilerplate\Controllers\DashboardController->index()
 8 SYSTEMPATH\CodeIgniter.php(509): CodeIgniter\CodeIgniter->runController()
 9 SYSTEMPATH\CodeIgniter.php(355): CodeIgniter\CodeIgniter->handleRequest()
10 SYSTEMPATH\Boot.php(325): CodeIgniter\CodeIgniter->run()
11 SYSTEMPATH\Boot.php(67): CodeIgniter\Boot::runCodeIgniter()
12 FCPATH\index.php(56): CodeIgniter\Boot::bootWeb()
13 SYSTEMPATH\rewrite.php(44): require_once('E:\\Fuentes\\medicalSoft\\public\\index.php')
WARNING - 2024-06-25 04:26:00 --> [DEPRECATED] Passing lowercase HTTP method "get" is deprecated. Use uppercase HTTP method like "GET". in SYSTEMPATH\Router\RouteCollection.php on line 1027.
 1 SYSTEMPATH\Router\RouteCollection.php(1027): trigger_error('Passing lowercase HTTP method "get" is deprecated. Use uppercase HTTP method like "GET".', 16384)
 2 VENDORPATH\julio101290\boilerplate\src\Config\Routes.php(22): CodeIgniter\Router\RouteCollection->match([...], 'profile', 'UserController::profile', [...])
 3 SYSTEMPATH\Router\RouteCollection.php(800): CodeIgniter\Router\RouteCollection->{closure}(Object(CodeIgniter\Router\RouteCollection))
 4 VENDORPATH\julio101290\boilerplate\src\Config\Routes.php(18): CodeIgniter\Router\RouteCollection->group('user', [...], Object(Closure))
 5 SYSTEMPATH\Router\RouteCollection.php(800): CodeIgniter\Router\RouteCollection->{closure}(Object(CodeIgniter\Router\RouteCollection))
 6 VENDORPATH\julio101290\boilerplate\src\Config\Routes.php(3): CodeIgniter\Router\RouteCollection->group('admin', Object(Closure))
 7 SYSTEMPATH\Router\RouteCollection.php(373): include('E:\\Fuentes\\medicalSoft\\vendor\\julio101290\\boilerplate\\src\\Config\\Routes.php')
 8 SYSTEMPATH\Router\RouteCollection.php(343): CodeIgniter\Router\RouteCollection->discoverRoutes()
 9 SYSTEMPATH\CodeIgniter.php(823): CodeIgniter\Router\RouteCollection->loadRoutes()
10 SYSTEMPATH\CodeIgniter.php(457): CodeIgniter\CodeIgniter->tryToRouteIt(null)
11 SYSTEMPATH\CodeIgniter.php(355): CodeIgniter\CodeIgniter->handleRequest(null, Object(Config\Cache), false)
12 SYSTEMPATH\Boot.php(325): CodeIgniter\CodeIgniter->run()
13 SYSTEMPATH\Boot.php(67): CodeIgniter\Boot::runCodeIgniter(Object(CodeIgniter\CodeIgniter))
14 FCPATH\index.php(56): CodeIgniter\Boot::bootWeb(Object(Config\Paths))
15 SYSTEMPATH\rewrite.php(44): require_once('E:\\Fuentes\\medicalSoft\\public\\index.php')
WARNING - 2024-06-25 04:26:00 --> [DEPRECATED] Passing lowercase HTTP method "post" is deprecated. Use uppercase HTTP method like "POST". in SYSTEMPATH\Router\RouteCollection.php on line 1027.
 1 SYSTEMPATH\Router\RouteCollection.php(1027): trigger_error('Passing lowercase HTTP method "post" is deprecated. Use uppercase HTTP method like "POST".', 16384)
 2 VENDORPATH\julio101290\boilerplate\src\Config\Routes.php(22): CodeIgniter\Router\RouteCollection->match([...], 'profile', 'UserController::profile', [...])
 3 SYSTEMPATH\Router\RouteCollection.php(800): CodeIgniter\Router\RouteCollection->{closure}(Object(CodeIgniter\Router\RouteCollection))
 4 VENDORPATH\julio101290\boilerplate\src\Config\Routes.php(18): CodeIgniter\Router\RouteCollection->group('user', [...], Object(Closure))
 5 SYSTEMPATH\Router\RouteCollection.php(800): CodeIgniter\Router\RouteCollection->{closure}(Object(CodeIgniter\Router\RouteCollection))
 6 VENDORPATH\julio101290\boilerplate\src\Config\Routes.php(3): CodeIgniter\Router\RouteCollection->group('admin', Object(Closure))
 7 SYSTEMPATH\Router\RouteCollection.php(373): include('E:\\Fuentes\\medicalSoft\\vendor\\julio101290\\boilerplate\\src\\Config\\Routes.php')
 8 SYSTEMPATH\Router\RouteCollection.php(343): CodeIgniter\Router\RouteCollection->discoverRoutes()
 9 SYSTEMPATH\CodeIgniter.php(823): CodeIgniter\Router\RouteCollection->loadRoutes()
10 SYSTEMPATH\CodeIgniter.php(457): CodeIgniter\CodeIgniter->tryToRouteIt(null)
11 SYSTEMPATH\CodeIgniter.php(355): CodeIgniter\CodeIgniter->handleRequest(null, Object(Config\Cache), false)
12 SYSTEMPATH\Boot.php(325): CodeIgniter\CodeIgniter->run()
13 SYSTEMPATH\Boot.php(67): CodeIgniter\Boot::runCodeIgniter(Object(CodeIgniter\CodeIgniter))
14 FCPATH\index.php(56): CodeIgniter\Boot::bootWeb(Object(Config\Paths))
15 SYSTEMPATH\rewrite.php(44): require_once('E:\\Fuentes\\medicalSoft\\public\\index.php')
INFO - 2024-06-25 04:26:00 --> Session: Class initialized using 'CodeIgniter\Session\Handlers\FileHandler' driver.
CRITICAL - 2024-06-25 04:26:00 --> ErrorException: Undefined property: Config\App::$CSRFHeaderName
[Method: GET, Route: admin]
in VENDORPATH\julio101290\boilerplate\src\Views\layout\index.php on line 105.
 1 VENDORPATH\julio101290\boilerplate\src\Views\layout\index.php(105): CodeIgniter\Debug\Exceptions->errorHandler()
 2 SYSTEMPATH\View\View.php(234): include('E:\\Fuentes\\medicalSoft\\vendor\\julio101290\\boilerplate\\src\\Views\\layout\\index.php')
 3 SYSTEMPATH\View\View.php(237): CodeIgniter\View\View->CodeIgniter\View\{closure}()
 4 SYSTEMPATH\View\View.php(250): CodeIgniter\View\View->render()
 5 SYSTEMPATH\Common.php(1171): CodeIgniter\View\View->render()
 6 VENDORPATH\julio101290\boilerplate\src\Controllers\DashboardController.php(16): view()
 7 SYSTEMPATH\CodeIgniter.php(933): julio101290\boilerplate\Controllers\DashboardController->index()
 8 SYSTEMPATH\CodeIgniter.php(509): CodeIgniter\CodeIgniter->runController()
 9 SYSTEMPATH\CodeIgniter.php(355): CodeIgniter\CodeIgniter->handleRequest()
10 SYSTEMPATH\Boot.php(325): CodeIgniter\CodeIgniter->run()
11 SYSTEMPATH\Boot.php(67): CodeIgniter\Boot::runCodeIgniter()
12 FCPATH\index.php(56): CodeIgniter\Boot::bootWeb()
13 SYSTEMPATH\rewrite.php(44): require_once('E:\\Fuentes\\medicalSoft\\public\\index.php')
WARNING - 2024-06-25 04:26:40 --> [DEPRECATED] Passing lowercase HTTP method "get" is deprecated. Use uppercase HTTP method like "GET". in SYSTEMPATH\Router\RouteCollection.php on line 1027.
 1 SYSTEMPATH\Router\RouteCollection.php(1027): trigger_error('Passing lowercase HTTP method "get" is deprecated. Use uppercase HTTP method like "GET".', 16384)
 2 VENDORPATH\julio101290\boilerplate\src\Config\Routes.php(22): CodeIgniter\Router\RouteCollection->match([...], 'profile', 'UserController::profile', [...])
 3 SYSTEMPATH\Router\RouteCollection.php(800): CodeIgniter\Router\RouteCollection->{closure}(Object(CodeIgniter\Router\RouteCollection))
 4 VENDORPATH\julio101290\boilerplate\src\Config\Routes.php(18): CodeIgniter\Router\RouteCollection->group('user', [...], Object(Closure))
 5 SYSTEMPATH\Router\RouteCollection.php(800): CodeIgniter\Router\RouteCollection->{closure}(Object(CodeIgniter\Router\RouteCollection))
 6 VENDORPATH\julio101290\boilerplate\src\Config\Routes.php(3): CodeIgniter\Router\RouteCollection->group('admin', Object(Closure))
 7 SYSTEMPATH\Router\RouteCollection.php(373): include('E:\\Fuentes\\medicalSoft\\vendor\\julio101290\\boilerplate\\src\\Config\\Routes.php')
 8 SYSTEMPATH\Router\RouteCollection.php(343): CodeIgniter\Router\RouteCollection->discoverRoutes()
 9 SYSTEMPATH\CodeIgniter.php(823): CodeIgniter\Router\RouteCollection->loadRoutes()
10 SYSTEMPATH\CodeIgniter.php(457): CodeIgniter\CodeIgniter->tryToRouteIt(null)
11 SYSTEMPATH\CodeIgniter.php(355): CodeIgniter\CodeIgniter->handleRequest(null, Object(Config\Cache), false)
12 SYSTEMPATH\Boot.php(325): CodeIgniter\CodeIgniter->run()
13 SYSTEMPATH\Boot.php(67): CodeIgniter\Boot::runCodeIgniter(Object(CodeIgniter\CodeIgniter))
14 FCPATH\index.php(56): CodeIgniter\Boot::bootWeb(Object(Config\Paths))
15 SYSTEMPATH\rewrite.php(44): require_once('E:\\Fuentes\\medicalSoft\\public\\index.php')
WARNING - 2024-06-25 04:26:40 --> [DEPRECATED] Passing lowercase HTTP method "post" is deprecated. Use uppercase HTTP method like "POST". in SYSTEMPATH\Router\RouteCollection.php on line 1027.
 1 SYSTEMPATH\Router\RouteCollection.php(1027): trigger_error('Passing lowercase HTTP method "post" is deprecated. Use uppercase HTTP method like "POST".', 16384)
 2 VENDORPATH\julio101290\boilerplate\src\Config\Routes.php(22): CodeIgniter\Router\RouteCollection->match([...], 'profile', 'UserController::profile', [...])
 3 SYSTEMPATH\Router\RouteCollection.php(800): CodeIgniter\Router\RouteCollection->{closure}(Object(CodeIgniter\Router\RouteCollection))
 4 VENDORPATH\julio101290\boilerplate\src\Config\Routes.php(18): CodeIgniter\Router\RouteCollection->group('user', [...], Object(Closure))
 5 SYSTEMPATH\Router\RouteCollection.php(800): CodeIgniter\Router\RouteCollection->{closure}(Object(CodeIgniter\Router\RouteCollection))
 6 VENDORPATH\julio101290\boilerplate\src\Config\Routes.php(3): CodeIgniter\Router\RouteCollection->group('admin', Object(Closure))
 7 SYSTEMPATH\Router\RouteCollection.php(373): include('E:\\Fuentes\\medicalSoft\\vendor\\julio101290\\boilerplate\\src\\Config\\Routes.php')
 8 SYSTEMPATH\Router\RouteCollection.php(343): CodeIgniter\Router\RouteCollection->discoverRoutes()
 9 SYSTEMPATH\CodeIgniter.php(823): CodeIgniter\Router\RouteCollection->loadRoutes()
10 SYSTEMPATH\CodeIgniter.php(457): CodeIgniter\CodeIgniter->tryToRouteIt(null)
11 SYSTEMPATH\CodeIgniter.php(355): CodeIgniter\CodeIgniter->handleRequest(null, Object(Config\Cache), false)
12 SYSTEMPATH\Boot.php(325): CodeIgniter\CodeIgniter->run()
13 SYSTEMPATH\Boot.php(67): CodeIgniter\Boot::runCodeIgniter(Object(CodeIgniter\CodeIgniter))
14 FCPATH\index.php(56): CodeIgniter\Boot::bootWeb(Object(Config\Paths))
15 SYSTEMPATH\rewrite.php(44): require_once('E:\\Fuentes\\medicalSoft\\public\\index.php')
WARNING - 2024-06-25 04:26:43 --> [DEPRECATED] Passing lowercase HTTP method "get" is deprecated. Use uppercase HTTP method like "GET". in SYSTEMPATH\Router\RouteCollection.php on line 1027.
 1 SYSTEMPATH\Router\RouteCollection.php(1027): trigger_error('Passing lowercase HTTP method "get" is deprecated. Use uppercase HTTP method like "GET".', 16384)
 2 VENDORPATH\julio101290\boilerplate\src\Config\Routes.php(22): CodeIgniter\Router\RouteCollection->match([...], 'profile', 'UserController::profile', [...])
 3 SYSTEMPATH\Router\RouteCollection.php(800): CodeIgniter\Router\RouteCollection->{closure}(Object(CodeIgniter\Router\RouteCollection))
 4 VENDORPATH\julio101290\boilerplate\src\Config\Routes.php(18): CodeIgniter\Router\RouteCollection->group('user', [...], Object(Closure))
 5 SYSTEMPATH\Router\RouteCollection.php(800): CodeIgniter\Router\RouteCollection->{closure}(Object(CodeIgniter\Router\RouteCollection))
 6 VENDORPATH\julio101290\boilerplate\src\Config\Routes.php(3): CodeIgniter\Router\RouteCollection->group('admin', Object(Closure))
 7 SYSTEMPATH\Router\RouteCollection.php(373): include('E:\\Fuentes\\medicalSoft\\vendor\\julio101290\\boilerplate\\src\\Config\\Routes.php')
 8 SYSTEMPATH\Router\RouteCollection.php(343): CodeIgniter\Router\RouteCollection->discoverRoutes()
 9 SYSTEMPATH\CodeIgniter.php(823): CodeIgniter\Router\RouteCollection->loadRoutes()
10 SYSTEMPATH\CodeIgniter.php(457): CodeIgniter\CodeIgniter->tryToRouteIt(null)
11 SYSTEMPATH\CodeIgniter.php(355): CodeIgniter\CodeIgniter->handleRequest(null, Object(Config\Cache), false)
12 SYSTEMPATH\Boot.php(325): CodeIgniter\CodeIgniter->run()
13 SYSTEMPATH\Boot.php(67): CodeIgniter\Boot::runCodeIgniter(Object(CodeIgniter\CodeIgniter))
14 FCPATH\index.php(56): CodeIgniter\Boot::bootWeb(Object(Config\Paths))
15 SYSTEMPATH\rewrite.php(44): require_once('E:\\Fuentes\\medicalSoft\\public\\index.php')
WARNING - 2024-06-25 04:26:43 --> [DEPRECATED] Passing lowercase HTTP method "post" is deprecated. Use uppercase HTTP method like "POST". in SYSTEMPATH\Router\RouteCollection.php on line 1027.
 1 SYSTEMPATH\Router\RouteCollection.php(1027): trigger_error('Passing lowercase HTTP method "post" is deprecated. Use uppercase HTTP method like "POST".', 16384)
 2 VENDORPATH\julio101290\boilerplate\src\Config\Routes.php(22): CodeIgniter\Router\RouteCollection->match([...], 'profile', 'UserController::profile', [...])
 3 SYSTEMPATH\Router\RouteCollection.php(800): CodeIgniter\Router\RouteCollection->{closure}(Object(CodeIgniter\Router\RouteCollection))
 4 VENDORPATH\julio101290\boilerplate\src\Config\Routes.php(18): CodeIgniter\Router\RouteCollection->group('user', [...], Object(Closure))
 5 SYSTEMPATH\Router\RouteCollection.php(800): CodeIgniter\Router\RouteCollection->{closure}(Object(CodeIgniter\Router\RouteCollection))
 6 VENDORPATH\julio101290\boilerplate\src\Config\Routes.php(3): CodeIgniter\Router\RouteCollection->group('admin', Object(Closure))
 7 SYSTEMPATH\Router\RouteCollection.php(373): include('E:\\Fuentes\\medicalSoft\\vendor\\julio101290\\boilerplate\\src\\Config\\Routes.php')
 8 SYSTEMPATH\Router\RouteCollection.php(343): CodeIgniter\Router\RouteCollection->discoverRoutes()
 9 SYSTEMPATH\CodeIgniter.php(823): CodeIgniter\Router\RouteCollection->loadRoutes()
10 SYSTEMPATH\CodeIgniter.php(457): CodeIgniter\CodeIgniter->tryToRouteIt(null)
11 SYSTEMPATH\CodeIgniter.php(355): CodeIgniter\CodeIgniter->handleRequest(null, Object(Config\Cache), false)
12 SYSTEMPATH\Boot.php(325): CodeIgniter\CodeIgniter->run()
13 SYSTEMPATH\Boot.php(67): CodeIgniter\Boot::runCodeIgniter(Object(CodeIgniter\CodeIgniter))
14 FCPATH\index.php(56): CodeIgniter\Boot::bootWeb(Object(Config\Paths))
15 SYSTEMPATH\rewrite.php(44): require_once('E:\\Fuentes\\medicalSoft\\public\\index.php')
INFO - 2024-06-25 04:26:43 --> Session: Class initialized using 'CodeIgniter\Session\Handlers\FileHandler' driver.
CRITICAL - 2024-06-25 04:26:43 --> ErrorException: Undefined property: Config\App::$CSRFHeaderName
[Method: GET, Route: admin]
in VENDORPATH\julio101290\boilerplate\src\Views\layout\index.php on line 105.
 1 VENDORPATH\julio101290\boilerplate\src\Views\layout\index.php(105): CodeIgniter\Debug\Exceptions->errorHandler()
 2 SYSTEMPATH\View\View.php(234): include('E:\\Fuentes\\medicalSoft\\vendor\\julio101290\\boilerplate\\src\\Views\\layout\\index.php')
 3 SYSTEMPATH\View\View.php(237): CodeIgniter\View\View->CodeIgniter\View\{closure}()
 4 SYSTEMPATH\View\View.php(250): CodeIgniter\View\View->render()
 5 SYSTEMPATH\Common.php(1171): CodeIgniter\View\View->render()
 6 VENDORPATH\julio101290\boilerplate\src\Controllers\DashboardController.php(16): view()
 7 SYSTEMPATH\CodeIgniter.php(933): julio101290\boilerplate\Controllers\DashboardController->index()
 8 SYSTEMPATH\CodeIgniter.php(509): CodeIgniter\CodeIgniter->runController()
 9 SYSTEMPATH\CodeIgniter.php(355): CodeIgniter\CodeIgniter->handleRequest()
10 SYSTEMPATH\Boot.php(325): CodeIgniter\CodeIgniter->run()
11 SYSTEMPATH\Boot.php(67): CodeIgniter\Boot::runCodeIgniter()
12 FCPATH\index.php(56): CodeIgniter\Boot::bootWeb()
13 SYSTEMPATH\rewrite.php(44): require_once('E:\\Fuentes\\medicalSoft\\public\\index.php')
WARNING - 2024-06-25 04:30:13 --> [DEPRECATED] Passing lowercase HTTP method "get" is deprecated. Use uppercase HTTP method like "GET". in SYSTEMPATH\Router\RouteCollection.php on line 1027.
 1 SYSTEMPATH\Router\RouteCollection.php(1027): trigger_error('Passing lowercase HTTP method "get" is deprecated. Use uppercase HTTP method like "GET".', 16384)
 2 VENDORPATH\julio101290\boilerplate\src\Config\Routes.php(22): CodeIgniter\Router\RouteCollection->match([...], 'profile', 'UserController::profile', [...])
 3 SYSTEMPATH\Router\RouteCollection.php(800): CodeIgniter\Router\RouteCollection->{closure}(Object(CodeIgniter\Router\RouteCollection))
 4 VENDORPATH\julio101290\boilerplate\src\Config\Routes.php(18): CodeIgniter\Router\RouteCollection->group('user', [...], Object(Closure))
 5 SYSTEMPATH\Router\RouteCollection.php(800): CodeIgniter\Router\RouteCollection->{closure}(Object(CodeIgniter\Router\RouteCollection))
 6 VENDORPATH\julio101290\boilerplate\src\Config\Routes.php(3): CodeIgniter\Router\RouteCollection->group('admin', Object(Closure))
 7 SYSTEMPATH\Router\RouteCollection.php(373): include('E:\\Fuentes\\medicalSoft\\vendor\\julio101290\\boilerplate\\src\\Config\\Routes.php')
 8 SYSTEMPATH\Router\RouteCollection.php(343): CodeIgniter\Router\RouteCollection->discoverRoutes()
 9 SYSTEMPATH\CodeIgniter.php(823): CodeIgniter\Router\RouteCollection->loadRoutes()
10 SYSTEMPATH\CodeIgniter.php(457): CodeIgniter\CodeIgniter->tryToRouteIt(null)
11 SYSTEMPATH\CodeIgniter.php(355): CodeIgniter\CodeIgniter->handleRequest(null, Object(Config\Cache), false)
12 SYSTEMPATH\Boot.php(325): CodeIgniter\CodeIgniter->run()
13 SYSTEMPATH\Boot.php(67): CodeIgniter\Boot::runCodeIgniter(Object(CodeIgniter\CodeIgniter))
14 FCPATH\index.php(56): CodeIgniter\Boot::bootWeb(Object(Config\Paths))
15 SYSTEMPATH\rewrite.php(44): require_once('E:\\Fuentes\\medicalSoft\\public\\index.php')
WARNING - 2024-06-25 04:30:13 --> [DEPRECATED] Passing lowercase HTTP method "post" is deprecated. Use uppercase HTTP method like "POST". in SYSTEMPATH\Router\RouteCollection.php on line 1027.
 1 SYSTEMPATH\Router\RouteCollection.php(1027): trigger_error('Passing lowercase HTTP method "post" is deprecated. Use uppercase HTTP method like "POST".', 16384)
 2 VENDORPATH\julio101290\boilerplate\src\Config\Routes.php(22): CodeIgniter\Router\RouteCollection->match([...], 'profile', 'UserController::profile', [...])
 3 SYSTEMPATH\Router\RouteCollection.php(800): CodeIgniter\Router\RouteCollection->{closure}(Object(CodeIgniter\Router\RouteCollection))
 4 VENDORPATH\julio101290\boilerplate\src\Config\Routes.php(18): CodeIgniter\Router\RouteCollection->group('user', [...], Object(Closure))
 5 SYSTEMPATH\Router\RouteCollection.php(800): CodeIgniter\Router\RouteCollection->{closure}(Object(CodeIgniter\Router\RouteCollection))
 6 VENDORPATH\julio101290\boilerplate\src\Config\Routes.php(3): CodeIgniter\Router\RouteCollection->group('admin', Object(Closure))
 7 SYSTEMPATH\Router\RouteCollection.php(373): include('E:\\Fuentes\\medicalSoft\\vendor\\julio101290\\boilerplate\\src\\Config\\Routes.php')
 8 SYSTEMPATH\Router\RouteCollection.php(343): CodeIgniter\Router\RouteCollection->discoverRoutes()
 9 SYSTEMPATH\CodeIgniter.php(823): CodeIgniter\Router\RouteCollection->loadRoutes()
10 SYSTEMPATH\CodeIgniter.php(457): CodeIgniter\CodeIgniter->tryToRouteIt(null)
11 SYSTEMPATH\CodeIgniter.php(355): CodeIgniter\CodeIgniter->handleRequest(null, Object(Config\Cache), false)
12 SYSTEMPATH\Boot.php(325): CodeIgniter\CodeIgniter->run()
13 SYSTEMPATH\Boot.php(67): CodeIgniter\Boot::runCodeIgniter(Object(CodeIgniter\CodeIgniter))
14 FCPATH\index.php(56): CodeIgniter\Boot::bootWeb(Object(Config\Paths))
15 SYSTEMPATH\rewrite.php(44): require_once('E:\\Fuentes\\medicalSoft\\public\\index.php')
INFO - 2024-06-25 04:30:13 --> Session: Class initialized using 'CodeIgniter\Session\Handlers\FileHandler' driver.
CRITICAL - 2024-06-25 04:30:13 --> ErrorException: Undefined property: Config\App::$CSRFHeaderName
[Method: GET, Route: admin]
in VENDORPATH\julio101290\boilerplate\src\Views\layout\index.php on line 105.
 1 VENDORPATH\julio101290\boilerplate\src\Views\layout\index.php(105): CodeIgniter\Debug\Exceptions->errorHandler()
 2 SYSTEMPATH\View\View.php(234): include('E:\\Fuentes\\medicalSoft\\vendor\\julio101290\\boilerplate\\src\\Views\\layout\\index.php')
 3 SYSTEMPATH\View\View.php(237): CodeIgniter\View\View->CodeIgniter\View\{closure}()
 4 SYSTEMPATH\View\View.php(250): CodeIgniter\View\View->render()
 5 SYSTEMPATH\Common.php(1171): CodeIgniter\View\View->render()
 6 VENDORPATH\julio101290\boilerplate\src\Controllers\DashboardController.php(16): view()
 7 SYSTEMPATH\CodeIgniter.php(933): julio101290\boilerplate\Controllers\DashboardController->index()
 8 SYSTEMPATH\CodeIgniter.php(509): CodeIgniter\CodeIgniter->runController()
 9 SYSTEMPATH\CodeIgniter.php(355): CodeIgniter\CodeIgniter->handleRequest()
10 SYSTEMPATH\Boot.php(325): CodeIgniter\CodeIgniter->run()
11 SYSTEMPATH\Boot.php(67): CodeIgniter\Boot::runCodeIgniter()
12 FCPATH\index.php(56): CodeIgniter\Boot::bootWeb()
13 SYSTEMPATH\rewrite.php(44): require_once('E:\\Fuentes\\medicalSoft\\public\\index.php')
