WARNING - 2024-11-12 16:14:15 --> [DEPRECATED] Passing lowercase HTTP method "get" is deprecated. Use uppercase HTTP method like "GET". in SYSTEMPATH\Router\RouteCollection.php on line 1027.
 1 SYSTEMPATH\Router\RouteCollection.php(1027): trigger_error('Passing lowercase HTTP method "get" is deprecated. Use uppercase HTTP method like "GET".', 16384)
 2 VENDORPATH\julio101290\boilerplate\src\Config\Routes.php(22): CodeIgniter\Router\RouteCollection->match([...], 'profile', 'UserController::profile', [...])
 3 SYSTEMPATH\Router\RouteCollection.php(800): CodeIgniter\Router\RouteCollection->{closure}(Object(CodeIgniter\Router\RouteCollection))
 4 VENDORPATH\julio101290\boilerplate\src\Config\Routes.php(18): CodeIgniter\Router\RouteCollection->group('user', [...], Object(Closure))
 5 SYSTEMPATH\Router\RouteCollection.php(800): CodeIgniter\Router\RouteCollection->{closure}(Object(CodeIgniter\Router\RouteCollection))
 6 VENDORPATH\julio101290\boilerplate\src\Config\Routes.php(3): CodeIgniter\Router\RouteCollection->group('admin', Object(Closure))
 7 SYSTEMPATH\Router\RouteCollection.php(373): include('D:\\Datos\\Fuentes\\CI4medicalSoft\\vendor\\julio101290\\boilerplate\\src\\Config\\Routes.php')
 8 SYSTEMPATH\Router\RouteCollection.php(343): CodeIgniter\Router\RouteCollection->discoverRoutes()
 9 SYSTEMPATH\CLI\Console.php(41): CodeIgniter\Router\RouteCollection->loadRoutes()
10 SYSTEMPATH\Boot.php(351): CodeIgniter\CLI\Console->run()
11 SYSTEMPATH\Boot.php(104): CodeIgniter\Boot::runCommand(Object(CodeIgniter\CLI\Console))
12 ROOTPATH\spark(84): CodeIgniter\Boot::bootSpark(Object(Config\Paths))
WARNING - 2024-11-12 16:14:15 --> [DEPRECATED] Passing lowercase HTTP method "post" is deprecated. Use uppercase HTTP method like "POST". in SYSTEMPATH\Router\RouteCollection.php on line 1027.
 1 SYSTEMPATH\Router\RouteCollection.php(1027): trigger_error('Passing lowercase HTTP method "post" is deprecated. Use uppercase HTTP method like "POST".', 16384)
 2 VENDORPATH\julio101290\boilerplate\src\Config\Routes.php(22): CodeIgniter\Router\RouteCollection->match([...], 'profile', 'UserController::profile', [...])
 3 SYSTEMPATH\Router\RouteCollection.php(800): CodeIgniter\Router\RouteCollection->{closure}(Object(CodeIgniter\Router\RouteCollection))
 4 VENDORPATH\julio101290\boilerplate\src\Config\Routes.php(18): CodeIgniter\Router\RouteCollection->group('user', [...], Object(Closure))
 5 SYSTEMPATH\Router\RouteCollection.php(800): CodeIgniter\Router\RouteCollection->{closure}(Object(CodeIgniter\Router\RouteCollection))
 6 VENDORPATH\julio101290\boilerplate\src\Config\Routes.php(3): CodeIgniter\Router\RouteCollection->group('admin', Object(Closure))
 7 SYSTEMPATH\Router\RouteCollection.php(373): include('D:\\Datos\\Fuentes\\CI4medicalSoft\\vendor\\julio101290\\boilerplate\\src\\Config\\Routes.php')
 8 SYSTEMPATH\Router\RouteCollection.php(343): CodeIgniter\Router\RouteCollection->discoverRoutes()
 9 SYSTEMPATH\CLI\Console.php(41): CodeIgniter\Router\RouteCollection->loadRoutes()
10 SYSTEMPATH\Boot.php(351): CodeIgniter\CLI\Console->run()
11 SYSTEMPATH\Boot.php(104): CodeIgniter\Boot::runCommand(Object(CodeIgniter\CLI\Console))
12 ROOTPATH\spark(84): CodeIgniter\Boot::bootSpark(Object(Config\Paths))
WARNING - 2024-11-12 16:14:29 --> [DEPRECATED] Passing lowercase HTTP method "get" is deprecated. Use uppercase HTTP method like "GET". in SYSTEMPATH\Router\RouteCollection.php on line 1027.
 1 SYSTEMPATH\Router\RouteCollection.php(1027): trigger_error('Passing lowercase HTTP method "get" is deprecated. Use uppercase HTTP method like "GET".', 16384)
 2 VENDORPATH\julio101290\boilerplate\src\Config\Routes.php(22): CodeIgniter\Router\RouteCollection->match([...], 'profile', 'UserController::profile', [...])
 3 SYSTEMPATH\Router\RouteCollection.php(800): CodeIgniter\Router\RouteCollection->{closure}(Object(CodeIgniter\Router\RouteCollection))
 4 VENDORPATH\julio101290\boilerplate\src\Config\Routes.php(18): CodeIgniter\Router\RouteCollection->group('user', [...], Object(Closure))
 5 SYSTEMPATH\Router\RouteCollection.php(800): CodeIgniter\Router\RouteCollection->{closure}(Object(CodeIgniter\Router\RouteCollection))
 6 VENDORPATH\julio101290\boilerplate\src\Config\Routes.php(3): CodeIgniter\Router\RouteCollection->group('admin', Object(Closure))
 7 SYSTEMPATH\Router\RouteCollection.php(373): include('D:\\Datos\\Fuentes\\CI4medicalSoft\\vendor\\julio101290\\boilerplate\\src\\Config\\Routes.php')
 8 SYSTEMPATH\Router\RouteCollection.php(343): CodeIgniter\Router\RouteCollection->discoverRoutes()
 9 SYSTEMPATH\CodeIgniter.php(823): CodeIgniter\Router\RouteCollection->loadRoutes()
10 SYSTEMPATH\CodeIgniter.php(457): CodeIgniter\CodeIgniter->tryToRouteIt(null)
11 SYSTEMPATH\CodeIgniter.php(355): CodeIgniter\CodeIgniter->handleRequest(null, Object(Config\Cache), false)
12 SYSTEMPATH\Boot.php(325): CodeIgniter\CodeIgniter->run()
13 SYSTEMPATH\Boot.php(67): CodeIgniter\Boot::runCodeIgniter(Object(CodeIgniter\CodeIgniter))
14 FCPATH\index.php(56): CodeIgniter\Boot::bootWeb(Object(Config\Paths))
15 SYSTEMPATH\rewrite.php(44): require_once('D:\\Datos\\Fuentes\\CI4medicalSoft\\public\\index.php')
WARNING - 2024-11-12 16:14:29 --> [DEPRECATED] Passing lowercase HTTP method "post" is deprecated. Use uppercase HTTP method like "POST". in SYSTEMPATH\Router\RouteCollection.php on line 1027.
 1 SYSTEMPATH\Router\RouteCollection.php(1027): trigger_error('Passing lowercase HTTP method "post" is deprecated. Use uppercase HTTP method like "POST".', 16384)
 2 VENDORPATH\julio101290\boilerplate\src\Config\Routes.php(22): CodeIgniter\Router\RouteCollection->match([...], 'profile', 'UserController::profile', [...])
 3 SYSTEMPATH\Router\RouteCollection.php(800): CodeIgniter\Router\RouteCollection->{closure}(Object(CodeIgniter\Router\RouteCollection))
 4 VENDORPATH\julio101290\boilerplate\src\Config\Routes.php(18): CodeIgniter\Router\RouteCollection->group('user', [...], Object(Closure))
 5 SYSTEMPATH\Router\RouteCollection.php(800): CodeIgniter\Router\RouteCollection->{closure}(Object(CodeIgniter\Router\RouteCollection))
 6 VENDORPATH\julio101290\boilerplate\src\Config\Routes.php(3): CodeIgniter\Router\RouteCollection->group('admin', Object(Closure))
 7 SYSTEMPATH\Router\RouteCollection.php(373): include('D:\\Datos\\Fuentes\\CI4medicalSoft\\vendor\\julio101290\\boilerplate\\src\\Config\\Routes.php')
 8 SYSTEMPATH\Router\RouteCollection.php(343): CodeIgniter\Router\RouteCollection->discoverRoutes()
 9 SYSTEMPATH\CodeIgniter.php(823): CodeIgniter\Router\RouteCollection->loadRoutes()
10 SYSTEMPATH\CodeIgniter.php(457): CodeIgniter\CodeIgniter->tryToRouteIt(null)
11 SYSTEMPATH\CodeIgniter.php(355): CodeIgniter\CodeIgniter->handleRequest(null, Object(Config\Cache), false)
12 SYSTEMPATH\Boot.php(325): CodeIgniter\CodeIgniter->run()
13 SYSTEMPATH\Boot.php(67): CodeIgniter\Boot::runCodeIgniter(Object(CodeIgniter\CodeIgniter))
14 FCPATH\index.php(56): CodeIgniter\Boot::bootWeb(Object(Config\Paths))
15 SYSTEMPATH\rewrite.php(44): require_once('D:\\Datos\\Fuentes\\CI4medicalSoft\\public\\index.php')
WARNING - 2024-11-12 16:14:29 --> [DEPRECATED] Passing lowercase HTTP method "get" is deprecated. Use uppercase HTTP method like "GET". in SYSTEMPATH\Router\RouteCollection.php on line 1027.
 1 SYSTEMPATH\Router\RouteCollection.php(1027): trigger_error('Passing lowercase HTTP method "get" is deprecated. Use uppercase HTTP method like "GET".', 16384)
 2 VENDORPATH\julio101290\boilerplate\src\Config\Routes.php(22): CodeIgniter\Router\RouteCollection->match([...], 'profile', 'UserController::profile', [...])
 3 SYSTEMPATH\Router\RouteCollection.php(800): CodeIgniter\Router\RouteCollection->{closure}(Object(CodeIgniter\Router\RouteCollection))
 4 VENDORPATH\julio101290\boilerplate\src\Config\Routes.php(18): CodeIgniter\Router\RouteCollection->group('user', [...], Object(Closure))
 5 SYSTEMPATH\Router\RouteCollection.php(800): CodeIgniter\Router\RouteCollection->{closure}(Object(CodeIgniter\Router\RouteCollection))
 6 VENDORPATH\julio101290\boilerplate\src\Config\Routes.php(3): CodeIgniter\Router\RouteCollection->group('admin', Object(Closure))
 7 SYSTEMPATH\Router\RouteCollection.php(373): include('D:\\Datos\\Fuentes\\CI4medicalSoft\\vendor\\julio101290\\boilerplate\\src\\Config\\Routes.php')
 8 SYSTEMPATH\Router\RouteCollection.php(343): CodeIgniter\Router\RouteCollection->discoverRoutes()
 9 SYSTEMPATH\CodeIgniter.php(823): CodeIgniter\Router\RouteCollection->loadRoutes()
10 SYSTEMPATH\CodeIgniter.php(457): CodeIgniter\CodeIgniter->tryToRouteIt(null)
11 SYSTEMPATH\CodeIgniter.php(355): CodeIgniter\CodeIgniter->handleRequest(null, Object(Config\Cache), false)
12 SYSTEMPATH\Boot.php(325): CodeIgniter\CodeIgniter->run()
13 SYSTEMPATH\Boot.php(67): CodeIgniter\Boot::runCodeIgniter(Object(CodeIgniter\CodeIgniter))
14 FCPATH\index.php(56): CodeIgniter\Boot::bootWeb(Object(Config\Paths))
15 SYSTEMPATH\rewrite.php(44): require_once('D:\\Datos\\Fuentes\\CI4medicalSoft\\public\\index.php')
WARNING - 2024-11-12 16:14:29 --> [DEPRECATED] Passing lowercase HTTP method "post" is deprecated. Use uppercase HTTP method like "POST". in SYSTEMPATH\Router\RouteCollection.php on line 1027.
 1 SYSTEMPATH\Router\RouteCollection.php(1027): trigger_error('Passing lowercase HTTP method "post" is deprecated. Use uppercase HTTP method like "POST".', 16384)
 2 VENDORPATH\julio101290\boilerplate\src\Config\Routes.php(22): CodeIgniter\Router\RouteCollection->match([...], 'profile', 'UserController::profile', [...])
 3 SYSTEMPATH\Router\RouteCollection.php(800): CodeIgniter\Router\RouteCollection->{closure}(Object(CodeIgniter\Router\RouteCollection))
 4 VENDORPATH\julio101290\boilerplate\src\Config\Routes.php(18): CodeIgniter\Router\RouteCollection->group('user', [...], Object(Closure))
 5 SYSTEMPATH\Router\RouteCollection.php(800): CodeIgniter\Router\RouteCollection->{closure}(Object(CodeIgniter\Router\RouteCollection))
 6 VENDORPATH\julio101290\boilerplate\src\Config\Routes.php(3): CodeIgniter\Router\RouteCollection->group('admin', Object(Closure))
 7 SYSTEMPATH\Router\RouteCollection.php(373): include('D:\\Datos\\Fuentes\\CI4medicalSoft\\vendor\\julio101290\\boilerplate\\src\\Config\\Routes.php')
 8 SYSTEMPATH\Router\RouteCollection.php(343): CodeIgniter\Router\RouteCollection->discoverRoutes()
 9 SYSTEMPATH\CodeIgniter.php(823): CodeIgniter\Router\RouteCollection->loadRoutes()
10 SYSTEMPATH\CodeIgniter.php(457): CodeIgniter\CodeIgniter->tryToRouteIt(null)
11 SYSTEMPATH\CodeIgniter.php(355): CodeIgniter\CodeIgniter->handleRequest(null, Object(Config\Cache), false)
12 SYSTEMPATH\Boot.php(325): CodeIgniter\CodeIgniter->run()
13 SYSTEMPATH\Boot.php(67): CodeIgniter\Boot::runCodeIgniter(Object(CodeIgniter\CodeIgniter))
14 FCPATH\index.php(56): CodeIgniter\Boot::bootWeb(Object(Config\Paths))
15 SYSTEMPATH\rewrite.php(44): require_once('D:\\Datos\\Fuentes\\CI4medicalSoft\\public\\index.php')
INFO - 2024-11-12 16:14:29 --> Session: Class initialized using 'CodeIgniter\Session\Handlers\FileHandler' driver.
WARNING - 2024-11-12 16:14:29 --> [DEPRECATED] Passing lowercase HTTP method "get" is deprecated. Use uppercase HTTP method like "GET". in SYSTEMPATH\Router\RouteCollection.php on line 1027.
 1 SYSTEMPATH\Router\RouteCollection.php(1027): trigger_error('Passing lowercase HTTP method "get" is deprecated. Use uppercase HTTP method like "GET".', 16384)
 2 VENDORPATH\julio101290\boilerplate\src\Config\Routes.php(22): CodeIgniter\Router\RouteCollection->match([...], 'profile', 'UserController::profile', [...])
 3 SYSTEMPATH\Router\RouteCollection.php(800): CodeIgniter\Router\RouteCollection->{closure}(Object(CodeIgniter\Router\RouteCollection))
 4 VENDORPATH\julio101290\boilerplate\src\Config\Routes.php(18): CodeIgniter\Router\RouteCollection->group('user', [...], Object(Closure))
 5 SYSTEMPATH\Router\RouteCollection.php(800): CodeIgniter\Router\RouteCollection->{closure}(Object(CodeIgniter\Router\RouteCollection))
 6 VENDORPATH\julio101290\boilerplate\src\Config\Routes.php(3): CodeIgniter\Router\RouteCollection->group('admin', Object(Closure))
 7 SYSTEMPATH\Router\RouteCollection.php(373): include('D:\\Datos\\Fuentes\\CI4medicalSoft\\vendor\\julio101290\\boilerplate\\src\\Config\\Routes.php')
 8 SYSTEMPATH\Router\RouteCollection.php(343): CodeIgniter\Router\RouteCollection->discoverRoutes()
 9 SYSTEMPATH\CodeIgniter.php(823): CodeIgniter\Router\RouteCollection->loadRoutes()
10 SYSTEMPATH\CodeIgniter.php(457): CodeIgniter\CodeIgniter->tryToRouteIt(null)
11 SYSTEMPATH\CodeIgniter.php(355): CodeIgniter\CodeIgniter->handleRequest(null, Object(Config\Cache), false)
12 SYSTEMPATH\Boot.php(325): CodeIgniter\CodeIgniter->run()
13 SYSTEMPATH\Boot.php(67): CodeIgniter\Boot::runCodeIgniter(Object(CodeIgniter\CodeIgniter))
14 FCPATH\index.php(56): CodeIgniter\Boot::bootWeb(Object(Config\Paths))
15 SYSTEMPATH\rewrite.php(44): require_once('D:\\Datos\\Fuentes\\CI4medicalSoft\\public\\index.php')
WARNING - 2024-11-12 16:14:29 --> [DEPRECATED] Passing lowercase HTTP method "post" is deprecated. Use uppercase HTTP method like "POST". in SYSTEMPATH\Router\RouteCollection.php on line 1027.
 1 SYSTEMPATH\Router\RouteCollection.php(1027): trigger_error('Passing lowercase HTTP method "post" is deprecated. Use uppercase HTTP method like "POST".', 16384)
 2 VENDORPATH\julio101290\boilerplate\src\Config\Routes.php(22): CodeIgniter\Router\RouteCollection->match([...], 'profile', 'UserController::profile', [...])
 3 SYSTEMPATH\Router\RouteCollection.php(800): CodeIgniter\Router\RouteCollection->{closure}(Object(CodeIgniter\Router\RouteCollection))
 4 VENDORPATH\julio101290\boilerplate\src\Config\Routes.php(18): CodeIgniter\Router\RouteCollection->group('user', [...], Object(Closure))
 5 SYSTEMPATH\Router\RouteCollection.php(800): CodeIgniter\Router\RouteCollection->{closure}(Object(CodeIgniter\Router\RouteCollection))
 6 VENDORPATH\julio101290\boilerplate\src\Config\Routes.php(3): CodeIgniter\Router\RouteCollection->group('admin', Object(Closure))
 7 SYSTEMPATH\Router\RouteCollection.php(373): include('D:\\Datos\\Fuentes\\CI4medicalSoft\\vendor\\julio101290\\boilerplate\\src\\Config\\Routes.php')
 8 SYSTEMPATH\Router\RouteCollection.php(343): CodeIgniter\Router\RouteCollection->discoverRoutes()
 9 SYSTEMPATH\CodeIgniter.php(823): CodeIgniter\Router\RouteCollection->loadRoutes()
10 SYSTEMPATH\CodeIgniter.php(457): CodeIgniter\CodeIgniter->tryToRouteIt(null)
11 SYSTEMPATH\CodeIgniter.php(355): CodeIgniter\CodeIgniter->handleRequest(null, Object(Config\Cache), false)
12 SYSTEMPATH\Boot.php(325): CodeIgniter\CodeIgniter->run()
13 SYSTEMPATH\Boot.php(67): CodeIgniter\Boot::runCodeIgniter(Object(CodeIgniter\CodeIgniter))
14 FCPATH\index.php(56): CodeIgniter\Boot::bootWeb(Object(Config\Paths))
15 SYSTEMPATH\rewrite.php(44): require_once('D:\\Datos\\Fuentes\\CI4medicalSoft\\public\\index.php')
INFO - 2024-11-12 16:14:29 --> Session: Class initialized using 'CodeIgniter\Session\Handlers\FileHandler' driver.
WARNING - 2024-11-12 16:15:20 --> [DEPRECATED] Passing lowercase HTTP method "get" is deprecated. Use uppercase HTTP method like "GET". in SYSTEMPATH\Router\RouteCollection.php on line 1027.
 1 SYSTEMPATH\Router\RouteCollection.php(1027): trigger_error('Passing lowercase HTTP method "get" is deprecated. Use uppercase HTTP method like "GET".', 16384)
 2 VENDORPATH\julio101290\boilerplate\src\Config\Routes.php(22): CodeIgniter\Router\RouteCollection->match([...], 'profile', 'UserController::profile', [...])
 3 SYSTEMPATH\Router\RouteCollection.php(800): CodeIgniter\Router\RouteCollection->{closure}(Object(CodeIgniter\Router\RouteCollection))
 4 VENDORPATH\julio101290\boilerplate\src\Config\Routes.php(18): CodeIgniter\Router\RouteCollection->group('user', [...], Object(Closure))
 5 SYSTEMPATH\Router\RouteCollection.php(800): CodeIgniter\Router\RouteCollection->{closure}(Object(CodeIgniter\Router\RouteCollection))
 6 VENDORPATH\julio101290\boilerplate\src\Config\Routes.php(3): CodeIgniter\Router\RouteCollection->group('admin', Object(Closure))
 7 SYSTEMPATH\Router\RouteCollection.php(373): include('D:\\Datos\\Fuentes\\CI4medicalSoft\\vendor\\julio101290\\boilerplate\\src\\Config\\Routes.php')
 8 SYSTEMPATH\Router\RouteCollection.php(343): CodeIgniter\Router\RouteCollection->discoverRoutes()
 9 SYSTEMPATH\CodeIgniter.php(823): CodeIgniter\Router\RouteCollection->loadRoutes()
10 SYSTEMPATH\CodeIgniter.php(457): CodeIgniter\CodeIgniter->tryToRouteIt(null)
11 SYSTEMPATH\CodeIgniter.php(355): CodeIgniter\CodeIgniter->handleRequest(null, Object(Config\Cache), false)
12 SYSTEMPATH\Boot.php(325): CodeIgniter\CodeIgniter->run()
13 SYSTEMPATH\Boot.php(67): CodeIgniter\Boot::runCodeIgniter(Object(CodeIgniter\CodeIgniter))
14 FCPATH\index.php(56): CodeIgniter\Boot::bootWeb(Object(Config\Paths))
15 SYSTEMPATH\rewrite.php(44): require_once('D:\\Datos\\Fuentes\\CI4medicalSoft\\public\\index.php')
WARNING - 2024-11-12 16:15:20 --> [DEPRECATED] Passing lowercase HTTP method "post" is deprecated. Use uppercase HTTP method like "POST". in SYSTEMPATH\Router\RouteCollection.php on line 1027.
 1 SYSTEMPATH\Router\RouteCollection.php(1027): trigger_error('Passing lowercase HTTP method "post" is deprecated. Use uppercase HTTP method like "POST".', 16384)
 2 VENDORPATH\julio101290\boilerplate\src\Config\Routes.php(22): CodeIgniter\Router\RouteCollection->match([...], 'profile', 'UserController::profile', [...])
 3 SYSTEMPATH\Router\RouteCollection.php(800): CodeIgniter\Router\RouteCollection->{closure}(Object(CodeIgniter\Router\RouteCollection))
 4 VENDORPATH\julio101290\boilerplate\src\Config\Routes.php(18): CodeIgniter\Router\RouteCollection->group('user', [...], Object(Closure))
 5 SYSTEMPATH\Router\RouteCollection.php(800): CodeIgniter\Router\RouteCollection->{closure}(Object(CodeIgniter\Router\RouteCollection))
 6 VENDORPATH\julio101290\boilerplate\src\Config\Routes.php(3): CodeIgniter\Router\RouteCollection->group('admin', Object(Closure))
 7 SYSTEMPATH\Router\RouteCollection.php(373): include('D:\\Datos\\Fuentes\\CI4medicalSoft\\vendor\\julio101290\\boilerplate\\src\\Config\\Routes.php')
 8 SYSTEMPATH\Router\RouteCollection.php(343): CodeIgniter\Router\RouteCollection->discoverRoutes()
 9 SYSTEMPATH\CodeIgniter.php(823): CodeIgniter\Router\RouteCollection->loadRoutes()
10 SYSTEMPATH\CodeIgniter.php(457): CodeIgniter\CodeIgniter->tryToRouteIt(null)
11 SYSTEMPATH\CodeIgniter.php(355): CodeIgniter\CodeIgniter->handleRequest(null, Object(Config\Cache), false)
12 SYSTEMPATH\Boot.php(325): CodeIgniter\CodeIgniter->run()
13 SYSTEMPATH\Boot.php(67): CodeIgniter\Boot::runCodeIgniter(Object(CodeIgniter\CodeIgniter))
14 FCPATH\index.php(56): CodeIgniter\Boot::bootWeb(Object(Config\Paths))
15 SYSTEMPATH\rewrite.php(44): require_once('D:\\Datos\\Fuentes\\CI4medicalSoft\\public\\index.php')
INFO - 2024-11-12 16:15:20 --> Session: Class initialized using 'CodeIgniter\Session\Handlers\FileHandler' driver.
WARNING - 2024-11-12 16:15:21 --> [DEPRECATED] Passing lowercase HTTP method "get" is deprecated. Use uppercase HTTP method like "GET". in SYSTEMPATH\Router\RouteCollection.php on line 1027.
 1 SYSTEMPATH\Router\RouteCollection.php(1027): trigger_error('Passing lowercase HTTP method "get" is deprecated. Use uppercase HTTP method like "GET".', 16384)
 2 VENDORPATH\julio101290\boilerplate\src\Config\Routes.php(22): CodeIgniter\Router\RouteCollection->match([...], 'profile', 'UserController::profile', [...])
 3 SYSTEMPATH\Router\RouteCollection.php(800): CodeIgniter\Router\RouteCollection->{closure}(Object(CodeIgniter\Router\RouteCollection))
 4 VENDORPATH\julio101290\boilerplate\src\Config\Routes.php(18): CodeIgniter\Router\RouteCollection->group('user', [...], Object(Closure))
 5 SYSTEMPATH\Router\RouteCollection.php(800): CodeIgniter\Router\RouteCollection->{closure}(Object(CodeIgniter\Router\RouteCollection))
 6 VENDORPATH\julio101290\boilerplate\src\Config\Routes.php(3): CodeIgniter\Router\RouteCollection->group('admin', Object(Closure))
 7 SYSTEMPATH\Router\RouteCollection.php(373): include('D:\\Datos\\Fuentes\\CI4medicalSoft\\vendor\\julio101290\\boilerplate\\src\\Config\\Routes.php')
 8 SYSTEMPATH\Router\RouteCollection.php(343): CodeIgniter\Router\RouteCollection->discoverRoutes()
 9 SYSTEMPATH\CodeIgniter.php(823): CodeIgniter\Router\RouteCollection->loadRoutes()
10 SYSTEMPATH\CodeIgniter.php(457): CodeIgniter\CodeIgniter->tryToRouteIt(null)
11 SYSTEMPATH\CodeIgniter.php(355): CodeIgniter\CodeIgniter->handleRequest(null, Object(Config\Cache), false)
12 SYSTEMPATH\Boot.php(325): CodeIgniter\CodeIgniter->run()
13 SYSTEMPATH\Boot.php(67): CodeIgniter\Boot::runCodeIgniter(Object(CodeIgniter\CodeIgniter))
14 FCPATH\index.php(56): CodeIgniter\Boot::bootWeb(Object(Config\Paths))
15 SYSTEMPATH\rewrite.php(44): require_once('D:\\Datos\\Fuentes\\CI4medicalSoft\\public\\index.php')
WARNING - 2024-11-12 16:15:21 --> [DEPRECATED] Passing lowercase HTTP method "post" is deprecated. Use uppercase HTTP method like "POST". in SYSTEMPATH\Router\RouteCollection.php on line 1027.
 1 SYSTEMPATH\Router\RouteCollection.php(1027): trigger_error('Passing lowercase HTTP method "post" is deprecated. Use uppercase HTTP method like "POST".', 16384)
 2 VENDORPATH\julio101290\boilerplate\src\Config\Routes.php(22): CodeIgniter\Router\RouteCollection->match([...], 'profile', 'UserController::profile', [...])
 3 SYSTEMPATH\Router\RouteCollection.php(800): CodeIgniter\Router\RouteCollection->{closure}(Object(CodeIgniter\Router\RouteCollection))
 4 VENDORPATH\julio101290\boilerplate\src\Config\Routes.php(18): CodeIgniter\Router\RouteCollection->group('user', [...], Object(Closure))
 5 SYSTEMPATH\Router\RouteCollection.php(800): CodeIgniter\Router\RouteCollection->{closure}(Object(CodeIgniter\Router\RouteCollection))
 6 VENDORPATH\julio101290\boilerplate\src\Config\Routes.php(3): CodeIgniter\Router\RouteCollection->group('admin', Object(Closure))
 7 SYSTEMPATH\Router\RouteCollection.php(373): include('D:\\Datos\\Fuentes\\CI4medicalSoft\\vendor\\julio101290\\boilerplate\\src\\Config\\Routes.php')
 8 SYSTEMPATH\Router\RouteCollection.php(343): CodeIgniter\Router\RouteCollection->discoverRoutes()
 9 SYSTEMPATH\CodeIgniter.php(823): CodeIgniter\Router\RouteCollection->loadRoutes()
10 SYSTEMPATH\CodeIgniter.php(457): CodeIgniter\CodeIgniter->tryToRouteIt(null)
11 SYSTEMPATH\CodeIgniter.php(355): CodeIgniter\CodeIgniter->handleRequest(null, Object(Config\Cache), false)
12 SYSTEMPATH\Boot.php(325): CodeIgniter\CodeIgniter->run()
13 SYSTEMPATH\Boot.php(67): CodeIgniter\Boot::runCodeIgniter(Object(CodeIgniter\CodeIgniter))
14 FCPATH\index.php(56): CodeIgniter\Boot::bootWeb(Object(Config\Paths))
15 SYSTEMPATH\rewrite.php(44): require_once('D:\\Datos\\Fuentes\\CI4medicalSoft\\public\\index.php')
INFO - 2024-11-12 16:15:21 --> Session: Class initialized using 'CodeIgniter\Session\Handlers\FileHandler' driver.
WARNING - 2024-11-12 16:15:29 --> [DEPRECATED] Passing lowercase HTTP method "get" is deprecated. Use uppercase HTTP method like "GET". in SYSTEMPATH\Router\RouteCollection.php on line 1027.
 1 SYSTEMPATH\Router\RouteCollection.php(1027): trigger_error('Passing lowercase HTTP method "get" is deprecated. Use uppercase HTTP method like "GET".', 16384)
 2 VENDORPATH\julio101290\boilerplate\src\Config\Routes.php(22): CodeIgniter\Router\RouteCollection->match([...], 'profile', 'UserController::profile', [...])
 3 SYSTEMPATH\Router\RouteCollection.php(800): CodeIgniter\Router\RouteCollection->{closure}(Object(CodeIgniter\Router\RouteCollection))
 4 VENDORPATH\julio101290\boilerplate\src\Config\Routes.php(18): CodeIgniter\Router\RouteCollection->group('user', [...], Object(Closure))
 5 SYSTEMPATH\Router\RouteCollection.php(800): CodeIgniter\Router\RouteCollection->{closure}(Object(CodeIgniter\Router\RouteCollection))
 6 VENDORPATH\julio101290\boilerplate\src\Config\Routes.php(3): CodeIgniter\Router\RouteCollection->group('admin', Object(Closure))
 7 SYSTEMPATH\Router\RouteCollection.php(373): include('D:\\Datos\\Fuentes\\CI4medicalSoft\\vendor\\julio101290\\boilerplate\\src\\Config\\Routes.php')
 8 SYSTEMPATH\Router\RouteCollection.php(343): CodeIgniter\Router\RouteCollection->discoverRoutes()
 9 SYSTEMPATH\CodeIgniter.php(823): CodeIgniter\Router\RouteCollection->loadRoutes()
10 SYSTEMPATH\CodeIgniter.php(457): CodeIgniter\CodeIgniter->tryToRouteIt(null)
11 SYSTEMPATH\CodeIgniter.php(355): CodeIgniter\CodeIgniter->handleRequest(null, Object(Config\Cache), false)
12 SYSTEMPATH\Boot.php(325): CodeIgniter\CodeIgniter->run()
13 SYSTEMPATH\Boot.php(67): CodeIgniter\Boot::runCodeIgniter(Object(CodeIgniter\CodeIgniter))
14 FCPATH\index.php(56): CodeIgniter\Boot::bootWeb(Object(Config\Paths))
15 SYSTEMPATH\rewrite.php(44): require_once('D:\\Datos\\Fuentes\\CI4medicalSoft\\public\\index.php')
WARNING - 2024-11-12 16:15:29 --> [DEPRECATED] Passing lowercase HTTP method "post" is deprecated. Use uppercase HTTP method like "POST". in SYSTEMPATH\Router\RouteCollection.php on line 1027.
 1 SYSTEMPATH\Router\RouteCollection.php(1027): trigger_error('Passing lowercase HTTP method "post" is deprecated. Use uppercase HTTP method like "POST".', 16384)
 2 VENDORPATH\julio101290\boilerplate\src\Config\Routes.php(22): CodeIgniter\Router\RouteCollection->match([...], 'profile', 'UserController::profile', [...])
 3 SYSTEMPATH\Router\RouteCollection.php(800): CodeIgniter\Router\RouteCollection->{closure}(Object(CodeIgniter\Router\RouteCollection))
 4 VENDORPATH\julio101290\boilerplate\src\Config\Routes.php(18): CodeIgniter\Router\RouteCollection->group('user', [...], Object(Closure))
 5 SYSTEMPATH\Router\RouteCollection.php(800): CodeIgniter\Router\RouteCollection->{closure}(Object(CodeIgniter\Router\RouteCollection))
 6 VENDORPATH\julio101290\boilerplate\src\Config\Routes.php(3): CodeIgniter\Router\RouteCollection->group('admin', Object(Closure))
 7 SYSTEMPATH\Router\RouteCollection.php(373): include('D:\\Datos\\Fuentes\\CI4medicalSoft\\vendor\\julio101290\\boilerplate\\src\\Config\\Routes.php')
 8 SYSTEMPATH\Router\RouteCollection.php(343): CodeIgniter\Router\RouteCollection->discoverRoutes()
 9 SYSTEMPATH\CodeIgniter.php(823): CodeIgniter\Router\RouteCollection->loadRoutes()
10 SYSTEMPATH\CodeIgniter.php(457): CodeIgniter\CodeIgniter->tryToRouteIt(null)
11 SYSTEMPATH\CodeIgniter.php(355): CodeIgniter\CodeIgniter->handleRequest(null, Object(Config\Cache), false)
12 SYSTEMPATH\Boot.php(325): CodeIgniter\CodeIgniter->run()
13 SYSTEMPATH\Boot.php(67): CodeIgniter\Boot::runCodeIgniter(Object(CodeIgniter\CodeIgniter))
14 FCPATH\index.php(56): CodeIgniter\Boot::bootWeb(Object(Config\Paths))
15 SYSTEMPATH\rewrite.php(44): require_once('D:\\Datos\\Fuentes\\CI4medicalSoft\\public\\index.php')
INFO - 2024-11-12 16:15:29 --> Session: Class initialized using 'CodeIgniter\Session\Handlers\FileHandler' driver.
WARNING - 2024-11-12 16:15:30 --> [DEPRECATED] Passing lowercase HTTP method "get" is deprecated. Use uppercase HTTP method like "GET". in SYSTEMPATH\Router\RouteCollection.php on line 1027.
 1 SYSTEMPATH\Router\RouteCollection.php(1027): trigger_error('Passing lowercase HTTP method "get" is deprecated. Use uppercase HTTP method like "GET".', 16384)
 2 VENDORPATH\julio101290\boilerplate\src\Config\Routes.php(22): CodeIgniter\Router\RouteCollection->match([...], 'profile', 'UserController::profile', [...])
 3 SYSTEMPATH\Router\RouteCollection.php(800): CodeIgniter\Router\RouteCollection->{closure}(Object(CodeIgniter\Router\RouteCollection))
 4 VENDORPATH\julio101290\boilerplate\src\Config\Routes.php(18): CodeIgniter\Router\RouteCollection->group('user', [...], Object(Closure))
 5 SYSTEMPATH\Router\RouteCollection.php(800): CodeIgniter\Router\RouteCollection->{closure}(Object(CodeIgniter\Router\RouteCollection))
 6 VENDORPATH\julio101290\boilerplate\src\Config\Routes.php(3): CodeIgniter\Router\RouteCollection->group('admin', Object(Closure))
 7 SYSTEMPATH\Router\RouteCollection.php(373): include('D:\\Datos\\Fuentes\\CI4medicalSoft\\vendor\\julio101290\\boilerplate\\src\\Config\\Routes.php')
 8 SYSTEMPATH\Router\RouteCollection.php(343): CodeIgniter\Router\RouteCollection->discoverRoutes()
 9 SYSTEMPATH\CodeIgniter.php(823): CodeIgniter\Router\RouteCollection->loadRoutes()
10 SYSTEMPATH\CodeIgniter.php(457): CodeIgniter\CodeIgniter->tryToRouteIt(null)
11 SYSTEMPATH\CodeIgniter.php(355): CodeIgniter\CodeIgniter->handleRequest(null, Object(Config\Cache), false)
12 SYSTEMPATH\Boot.php(325): CodeIgniter\CodeIgniter->run()
13 SYSTEMPATH\Boot.php(67): CodeIgniter\Boot::runCodeIgniter(Object(CodeIgniter\CodeIgniter))
14 FCPATH\index.php(56): CodeIgniter\Boot::bootWeb(Object(Config\Paths))
15 SYSTEMPATH\rewrite.php(44): require_once('D:\\Datos\\Fuentes\\CI4medicalSoft\\public\\index.php')
WARNING - 2024-11-12 16:15:30 --> [DEPRECATED] Passing lowercase HTTP method "post" is deprecated. Use uppercase HTTP method like "POST". in SYSTEMPATH\Router\RouteCollection.php on line 1027.
 1 SYSTEMPATH\Router\RouteCollection.php(1027): trigger_error('Passing lowercase HTTP method "post" is deprecated. Use uppercase HTTP method like "POST".', 16384)
 2 VENDORPATH\julio101290\boilerplate\src\Config\Routes.php(22): CodeIgniter\Router\RouteCollection->match([...], 'profile', 'UserController::profile', [...])
 3 SYSTEMPATH\Router\RouteCollection.php(800): CodeIgniter\Router\RouteCollection->{closure}(Object(CodeIgniter\Router\RouteCollection))
 4 VENDORPATH\julio101290\boilerplate\src\Config\Routes.php(18): CodeIgniter\Router\RouteCollection->group('user', [...], Object(Closure))
 5 SYSTEMPATH\Router\RouteCollection.php(800): CodeIgniter\Router\RouteCollection->{closure}(Object(CodeIgniter\Router\RouteCollection))
 6 VENDORPATH\julio101290\boilerplate\src\Config\Routes.php(3): CodeIgniter\Router\RouteCollection->group('admin', Object(Closure))
 7 SYSTEMPATH\Router\RouteCollection.php(373): include('D:\\Datos\\Fuentes\\CI4medicalSoft\\vendor\\julio101290\\boilerplate\\src\\Config\\Routes.php')
 8 SYSTEMPATH\Router\RouteCollection.php(343): CodeIgniter\Router\RouteCollection->discoverRoutes()
 9 SYSTEMPATH\CodeIgniter.php(823): CodeIgniter\Router\RouteCollection->loadRoutes()
10 SYSTEMPATH\CodeIgniter.php(457): CodeIgniter\CodeIgniter->tryToRouteIt(null)
11 SYSTEMPATH\CodeIgniter.php(355): CodeIgniter\CodeIgniter->handleRequest(null, Object(Config\Cache), false)
12 SYSTEMPATH\Boot.php(325): CodeIgniter\CodeIgniter->run()
13 SYSTEMPATH\Boot.php(67): CodeIgniter\Boot::runCodeIgniter(Object(CodeIgniter\CodeIgniter))
14 FCPATH\index.php(56): CodeIgniter\Boot::bootWeb(Object(Config\Paths))
15 SYSTEMPATH\rewrite.php(44): require_once('D:\\Datos\\Fuentes\\CI4medicalSoft\\public\\index.php')
INFO - 2024-11-12 16:15:30 --> Session: Class initialized using 'CodeIgniter\Session\Handlers\FileHandler' driver.
WARNING - 2024-11-12 16:15:41 --> [DEPRECATED] Passing lowercase HTTP method "get" is deprecated. Use uppercase HTTP method like "GET". in SYSTEMPATH\Router\RouteCollection.php on line 1027.
 1 SYSTEMPATH\Router\RouteCollection.php(1027): trigger_error('Passing lowercase HTTP method "get" is deprecated. Use uppercase HTTP method like "GET".', 16384)
 2 VENDORPATH\julio101290\boilerplate\src\Config\Routes.php(22): CodeIgniter\Router\RouteCollection->match([...], 'profile', 'UserController::profile', [...])
 3 SYSTEMPATH\Router\RouteCollection.php(800): CodeIgniter\Router\RouteCollection->{closure}(Object(CodeIgniter\Router\RouteCollection))
 4 VENDORPATH\julio101290\boilerplate\src\Config\Routes.php(18): CodeIgniter\Router\RouteCollection->group('user', [...], Object(Closure))
 5 SYSTEMPATH\Router\RouteCollection.php(800): CodeIgniter\Router\RouteCollection->{closure}(Object(CodeIgniter\Router\RouteCollection))
 6 VENDORPATH\julio101290\boilerplate\src\Config\Routes.php(3): CodeIgniter\Router\RouteCollection->group('admin', Object(Closure))
 7 SYSTEMPATH\Router\RouteCollection.php(373): include('D:\\Datos\\Fuentes\\CI4medicalSoft\\vendor\\julio101290\\boilerplate\\src\\Config\\Routes.php')
 8 SYSTEMPATH\Router\RouteCollection.php(343): CodeIgniter\Router\RouteCollection->discoverRoutes()
 9 SYSTEMPATH\CodeIgniter.php(823): CodeIgniter\Router\RouteCollection->loadRoutes()
10 SYSTEMPATH\CodeIgniter.php(457): CodeIgniter\CodeIgniter->tryToRouteIt(null)
11 SYSTEMPATH\CodeIgniter.php(355): CodeIgniter\CodeIgniter->handleRequest(null, Object(Config\Cache), false)
12 SYSTEMPATH\Boot.php(325): CodeIgniter\CodeIgniter->run()
13 SYSTEMPATH\Boot.php(67): CodeIgniter\Boot::runCodeIgniter(Object(CodeIgniter\CodeIgniter))
14 FCPATH\index.php(56): CodeIgniter\Boot::bootWeb(Object(Config\Paths))
15 SYSTEMPATH\rewrite.php(44): require_once('D:\\Datos\\Fuentes\\CI4medicalSoft\\public\\index.php')
WARNING - 2024-11-12 16:15:41 --> [DEPRECATED] Passing lowercase HTTP method "post" is deprecated. Use uppercase HTTP method like "POST". in SYSTEMPATH\Router\RouteCollection.php on line 1027.
 1 SYSTEMPATH\Router\RouteCollection.php(1027): trigger_error('Passing lowercase HTTP method "post" is deprecated. Use uppercase HTTP method like "POST".', 16384)
 2 VENDORPATH\julio101290\boilerplate\src\Config\Routes.php(22): CodeIgniter\Router\RouteCollection->match([...], 'profile', 'UserController::profile', [...])
 3 SYSTEMPATH\Router\RouteCollection.php(800): CodeIgniter\Router\RouteCollection->{closure}(Object(CodeIgniter\Router\RouteCollection))
 4 VENDORPATH\julio101290\boilerplate\src\Config\Routes.php(18): CodeIgniter\Router\RouteCollection->group('user', [...], Object(Closure))
 5 SYSTEMPATH\Router\RouteCollection.php(800): CodeIgniter\Router\RouteCollection->{closure}(Object(CodeIgniter\Router\RouteCollection))
 6 VENDORPATH\julio101290\boilerplate\src\Config\Routes.php(3): CodeIgniter\Router\RouteCollection->group('admin', Object(Closure))
 7 SYSTEMPATH\Router\RouteCollection.php(373): include('D:\\Datos\\Fuentes\\CI4medicalSoft\\vendor\\julio101290\\boilerplate\\src\\Config\\Routes.php')
 8 SYSTEMPATH\Router\RouteCollection.php(343): CodeIgniter\Router\RouteCollection->discoverRoutes()
 9 SYSTEMPATH\CodeIgniter.php(823): CodeIgniter\Router\RouteCollection->loadRoutes()
10 SYSTEMPATH\CodeIgniter.php(457): CodeIgniter\CodeIgniter->tryToRouteIt(null)
11 SYSTEMPATH\CodeIgniter.php(355): CodeIgniter\CodeIgniter->handleRequest(null, Object(Config\Cache), false)
12 SYSTEMPATH\Boot.php(325): CodeIgniter\CodeIgniter->run()
13 SYSTEMPATH\Boot.php(67): CodeIgniter\Boot::runCodeIgniter(Object(CodeIgniter\CodeIgniter))
14 FCPATH\index.php(56): CodeIgniter\Boot::bootWeb(Object(Config\Paths))
15 SYSTEMPATH\rewrite.php(44): require_once('D:\\Datos\\Fuentes\\CI4medicalSoft\\public\\index.php')
INFO - 2024-11-12 16:15:41 --> Session: Class initialized using 'CodeIgniter\Session\Handlers\FileHandler' driver.
WARNING - 2024-11-12 16:15:41 --> [DEPRECATED] Passing lowercase HTTP method "get" is deprecated. Use uppercase HTTP method like "GET". in SYSTEMPATH\Router\RouteCollection.php on line 1027.
 1 SYSTEMPATH\Router\RouteCollection.php(1027): trigger_error('Passing lowercase HTTP method "get" is deprecated. Use uppercase HTTP method like "GET".', 16384)
 2 VENDORPATH\julio101290\boilerplate\src\Config\Routes.php(22): CodeIgniter\Router\RouteCollection->match([...], 'profile', 'UserController::profile', [...])
 3 SYSTEMPATH\Router\RouteCollection.php(800): CodeIgniter\Router\RouteCollection->{closure}(Object(CodeIgniter\Router\RouteCollection))
 4 VENDORPATH\julio101290\boilerplate\src\Config\Routes.php(18): CodeIgniter\Router\RouteCollection->group('user', [...], Object(Closure))
 5 SYSTEMPATH\Router\RouteCollection.php(800): CodeIgniter\Router\RouteCollection->{closure}(Object(CodeIgniter\Router\RouteCollection))
 6 VENDORPATH\julio101290\boilerplate\src\Config\Routes.php(3): CodeIgniter\Router\RouteCollection->group('admin', Object(Closure))
 7 SYSTEMPATH\Router\RouteCollection.php(373): include('D:\\Datos\\Fuentes\\CI4medicalSoft\\vendor\\julio101290\\boilerplate\\src\\Config\\Routes.php')
 8 SYSTEMPATH\Router\RouteCollection.php(343): CodeIgniter\Router\RouteCollection->discoverRoutes()
 9 SYSTEMPATH\CodeIgniter.php(823): CodeIgniter\Router\RouteCollection->loadRoutes()
10 SYSTEMPATH\CodeIgniter.php(457): CodeIgniter\CodeIgniter->tryToRouteIt(null)
11 SYSTEMPATH\CodeIgniter.php(355): CodeIgniter\CodeIgniter->handleRequest(null, Object(Config\Cache), false)
12 SYSTEMPATH\Boot.php(325): CodeIgniter\CodeIgniter->run()
13 SYSTEMPATH\Boot.php(67): CodeIgniter\Boot::runCodeIgniter(Object(CodeIgniter\CodeIgniter))
14 FCPATH\index.php(56): CodeIgniter\Boot::bootWeb(Object(Config\Paths))
15 SYSTEMPATH\rewrite.php(44): require_once('D:\\Datos\\Fuentes\\CI4medicalSoft\\public\\index.php')
WARNING - 2024-11-12 16:15:41 --> [DEPRECATED] Passing lowercase HTTP method "post" is deprecated. Use uppercase HTTP method like "POST". in SYSTEMPATH\Router\RouteCollection.php on line 1027.
 1 SYSTEMPATH\Router\RouteCollection.php(1027): trigger_error('Passing lowercase HTTP method "post" is deprecated. Use uppercase HTTP method like "POST".', 16384)
 2 VENDORPATH\julio101290\boilerplate\src\Config\Routes.php(22): CodeIgniter\Router\RouteCollection->match([...], 'profile', 'UserController::profile', [...])
 3 SYSTEMPATH\Router\RouteCollection.php(800): CodeIgniter\Router\RouteCollection->{closure}(Object(CodeIgniter\Router\RouteCollection))
 4 VENDORPATH\julio101290\boilerplate\src\Config\Routes.php(18): CodeIgniter\Router\RouteCollection->group('user', [...], Object(Closure))
 5 SYSTEMPATH\Router\RouteCollection.php(800): CodeIgniter\Router\RouteCollection->{closure}(Object(CodeIgniter\Router\RouteCollection))
 6 VENDORPATH\julio101290\boilerplate\src\Config\Routes.php(3): CodeIgniter\Router\RouteCollection->group('admin', Object(Closure))
 7 SYSTEMPATH\Router\RouteCollection.php(373): include('D:\\Datos\\Fuentes\\CI4medicalSoft\\vendor\\julio101290\\boilerplate\\src\\Config\\Routes.php')
 8 SYSTEMPATH\Router\RouteCollection.php(343): CodeIgniter\Router\RouteCollection->discoverRoutes()
 9 SYSTEMPATH\CodeIgniter.php(823): CodeIgniter\Router\RouteCollection->loadRoutes()
10 SYSTEMPATH\CodeIgniter.php(457): CodeIgniter\CodeIgniter->tryToRouteIt(null)
11 SYSTEMPATH\CodeIgniter.php(355): CodeIgniter\CodeIgniter->handleRequest(null, Object(Config\Cache), false)
12 SYSTEMPATH\Boot.php(325): CodeIgniter\CodeIgniter->run()
13 SYSTEMPATH\Boot.php(67): CodeIgniter\Boot::runCodeIgniter(Object(CodeIgniter\CodeIgniter))
14 FCPATH\index.php(56): CodeIgniter\Boot::bootWeb(Object(Config\Paths))
15 SYSTEMPATH\rewrite.php(44): require_once('D:\\Datos\\Fuentes\\CI4medicalSoft\\public\\index.php')
INFO - 2024-11-12 16:15:41 --> Session: Class initialized using 'CodeIgniter\Session\Handlers\FileHandler' driver.
WARNING - 2024-11-12 16:15:41 --> [DEPRECATED] Passing lowercase HTTP method "get" is deprecated. Use uppercase HTTP method like "GET". in SYSTEMPATH\Router\RouteCollection.php on line 1027.
 1 SYSTEMPATH\Router\RouteCollection.php(1027): trigger_error('Passing lowercase HTTP method "get" is deprecated. Use uppercase HTTP method like "GET".', 16384)
 2 VENDORPATH\julio101290\boilerplate\src\Config\Routes.php(22): CodeIgniter\Router\RouteCollection->match([...], 'profile', 'UserController::profile', [...])
 3 SYSTEMPATH\Router\RouteCollection.php(800): CodeIgniter\Router\RouteCollection->{closure}(Object(CodeIgniter\Router\RouteCollection))
 4 VENDORPATH\julio101290\boilerplate\src\Config\Routes.php(18): CodeIgniter\Router\RouteCollection->group('user', [...], Object(Closure))
 5 SYSTEMPATH\Router\RouteCollection.php(800): CodeIgniter\Router\RouteCollection->{closure}(Object(CodeIgniter\Router\RouteCollection))
 6 VENDORPATH\julio101290\boilerplate\src\Config\Routes.php(3): CodeIgniter\Router\RouteCollection->group('admin', Object(Closure))
 7 SYSTEMPATH\Router\RouteCollection.php(373): include('D:\\Datos\\Fuentes\\CI4medicalSoft\\vendor\\julio101290\\boilerplate\\src\\Config\\Routes.php')
 8 SYSTEMPATH\Router\RouteCollection.php(343): CodeIgniter\Router\RouteCollection->discoverRoutes()
 9 SYSTEMPATH\CodeIgniter.php(823): CodeIgniter\Router\RouteCollection->loadRoutes()
10 SYSTEMPATH\CodeIgniter.php(457): CodeIgniter\CodeIgniter->tryToRouteIt(null)
11 SYSTEMPATH\CodeIgniter.php(355): CodeIgniter\CodeIgniter->handleRequest(null, Object(Config\Cache), false)
12 SYSTEMPATH\Boot.php(325): CodeIgniter\CodeIgniter->run()
13 SYSTEMPATH\Boot.php(67): CodeIgniter\Boot::runCodeIgniter(Object(CodeIgniter\CodeIgniter))
14 FCPATH\index.php(56): CodeIgniter\Boot::bootWeb(Object(Config\Paths))
15 SYSTEMPATH\rewrite.php(44): require_once('D:\\Datos\\Fuentes\\CI4medicalSoft\\public\\index.php')
WARNING - 2024-11-12 16:15:41 --> [DEPRECATED] Passing lowercase HTTP method "post" is deprecated. Use uppercase HTTP method like "POST". in SYSTEMPATH\Router\RouteCollection.php on line 1027.
 1 SYSTEMPATH\Router\RouteCollection.php(1027): trigger_error('Passing lowercase HTTP method "post" is deprecated. Use uppercase HTTP method like "POST".', 16384)
 2 VENDORPATH\julio101290\boilerplate\src\Config\Routes.php(22): CodeIgniter\Router\RouteCollection->match([...], 'profile', 'UserController::profile', [...])
 3 SYSTEMPATH\Router\RouteCollection.php(800): CodeIgniter\Router\RouteCollection->{closure}(Object(CodeIgniter\Router\RouteCollection))
 4 VENDORPATH\julio101290\boilerplate\src\Config\Routes.php(18): CodeIgniter\Router\RouteCollection->group('user', [...], Object(Closure))
 5 SYSTEMPATH\Router\RouteCollection.php(800): CodeIgniter\Router\RouteCollection->{closure}(Object(CodeIgniter\Router\RouteCollection))
 6 VENDORPATH\julio101290\boilerplate\src\Config\Routes.php(3): CodeIgniter\Router\RouteCollection->group('admin', Object(Closure))
 7 SYSTEMPATH\Router\RouteCollection.php(373): include('D:\\Datos\\Fuentes\\CI4medicalSoft\\vendor\\julio101290\\boilerplate\\src\\Config\\Routes.php')
 8 SYSTEMPATH\Router\RouteCollection.php(343): CodeIgniter\Router\RouteCollection->discoverRoutes()
 9 SYSTEMPATH\CodeIgniter.php(823): CodeIgniter\Router\RouteCollection->loadRoutes()
10 SYSTEMPATH\CodeIgniter.php(457): CodeIgniter\CodeIgniter->tryToRouteIt(null)
11 SYSTEMPATH\CodeIgniter.php(355): CodeIgniter\CodeIgniter->handleRequest(null, Object(Config\Cache), false)
12 SYSTEMPATH\Boot.php(325): CodeIgniter\CodeIgniter->run()
13 SYSTEMPATH\Boot.php(67): CodeIgniter\Boot::runCodeIgniter(Object(CodeIgniter\CodeIgniter))
14 FCPATH\index.php(56): CodeIgniter\Boot::bootWeb(Object(Config\Paths))
15 SYSTEMPATH\rewrite.php(44): require_once('D:\\Datos\\Fuentes\\CI4medicalSoft\\public\\index.php')
INFO - 2024-11-12 16:15:41 --> Session: Class initialized using 'CodeIgniter\Session\Handlers\FileHandler' driver.
WARNING - 2024-11-12 16:15:43 --> [DEPRECATED] Passing lowercase HTTP method "get" is deprecated. Use uppercase HTTP method like "GET". in SYSTEMPATH\Router\RouteCollection.php on line 1027.
 1 SYSTEMPATH\Router\RouteCollection.php(1027): trigger_error('Passing lowercase HTTP method "get" is deprecated. Use uppercase HTTP method like "GET".', 16384)
 2 VENDORPATH\julio101290\boilerplate\src\Config\Routes.php(22): CodeIgniter\Router\RouteCollection->match([...], 'profile', 'UserController::profile', [...])
 3 SYSTEMPATH\Router\RouteCollection.php(800): CodeIgniter\Router\RouteCollection->{closure}(Object(CodeIgniter\Router\RouteCollection))
 4 VENDORPATH\julio101290\boilerplate\src\Config\Routes.php(18): CodeIgniter\Router\RouteCollection->group('user', [...], Object(Closure))
 5 SYSTEMPATH\Router\RouteCollection.php(800): CodeIgniter\Router\RouteCollection->{closure}(Object(CodeIgniter\Router\RouteCollection))
 6 VENDORPATH\julio101290\boilerplate\src\Config\Routes.php(3): CodeIgniter\Router\RouteCollection->group('admin', Object(Closure))
 7 SYSTEMPATH\Router\RouteCollection.php(373): include('D:\\Datos\\Fuentes\\CI4medicalSoft\\vendor\\julio101290\\boilerplate\\src\\Config\\Routes.php')
 8 SYSTEMPATH\Router\RouteCollection.php(343): CodeIgniter\Router\RouteCollection->discoverRoutes()
 9 SYSTEMPATH\CodeIgniter.php(823): CodeIgniter\Router\RouteCollection->loadRoutes()
10 SYSTEMPATH\CodeIgniter.php(457): CodeIgniter\CodeIgniter->tryToRouteIt(null)
11 SYSTEMPATH\CodeIgniter.php(355): CodeIgniter\CodeIgniter->handleRequest(null, Object(Config\Cache), false)
12 SYSTEMPATH\Boot.php(325): CodeIgniter\CodeIgniter->run()
13 SYSTEMPATH\Boot.php(67): CodeIgniter\Boot::runCodeIgniter(Object(CodeIgniter\CodeIgniter))
14 FCPATH\index.php(56): CodeIgniter\Boot::bootWeb(Object(Config\Paths))
15 SYSTEMPATH\rewrite.php(44): require_once('D:\\Datos\\Fuentes\\CI4medicalSoft\\public\\index.php')
WARNING - 2024-11-12 16:15:43 --> [DEPRECATED] Passing lowercase HTTP method "post" is deprecated. Use uppercase HTTP method like "POST". in SYSTEMPATH\Router\RouteCollection.php on line 1027.
 1 SYSTEMPATH\Router\RouteCollection.php(1027): trigger_error('Passing lowercase HTTP method "post" is deprecated. Use uppercase HTTP method like "POST".', 16384)
 2 VENDORPATH\julio101290\boilerplate\src\Config\Routes.php(22): CodeIgniter\Router\RouteCollection->match([...], 'profile', 'UserController::profile', [...])
 3 SYSTEMPATH\Router\RouteCollection.php(800): CodeIgniter\Router\RouteCollection->{closure}(Object(CodeIgniter\Router\RouteCollection))
 4 VENDORPATH\julio101290\boilerplate\src\Config\Routes.php(18): CodeIgniter\Router\RouteCollection->group('user', [...], Object(Closure))
 5 SYSTEMPATH\Router\RouteCollection.php(800): CodeIgniter\Router\RouteCollection->{closure}(Object(CodeIgniter\Router\RouteCollection))
 6 VENDORPATH\julio101290\boilerplate\src\Config\Routes.php(3): CodeIgniter\Router\RouteCollection->group('admin', Object(Closure))
 7 SYSTEMPATH\Router\RouteCollection.php(373): include('D:\\Datos\\Fuentes\\CI4medicalSoft\\vendor\\julio101290\\boilerplate\\src\\Config\\Routes.php')
 8 SYSTEMPATH\Router\RouteCollection.php(343): CodeIgniter\Router\RouteCollection->discoverRoutes()
 9 SYSTEMPATH\CodeIgniter.php(823): CodeIgniter\Router\RouteCollection->loadRoutes()
10 SYSTEMPATH\CodeIgniter.php(457): CodeIgniter\CodeIgniter->tryToRouteIt(null)
11 SYSTEMPATH\CodeIgniter.php(355): CodeIgniter\CodeIgniter->handleRequest(null, Object(Config\Cache), false)
12 SYSTEMPATH\Boot.php(325): CodeIgniter\CodeIgniter->run()
13 SYSTEMPATH\Boot.php(67): CodeIgniter\Boot::runCodeIgniter(Object(CodeIgniter\CodeIgniter))
14 FCPATH\index.php(56): CodeIgniter\Boot::bootWeb(Object(Config\Paths))
15 SYSTEMPATH\rewrite.php(44): require_once('D:\\Datos\\Fuentes\\CI4medicalSoft\\public\\index.php')
INFO - 2024-11-12 16:15:43 --> Session: Class initialized using 'CodeIgniter\Session\Handlers\FileHandler' driver.
WARNING - 2024-11-12 16:15:59 --> [DEPRECATED] Passing lowercase HTTP method "get" is deprecated. Use uppercase HTTP method like "GET". in SYSTEMPATH\Router\RouteCollection.php on line 1027.
 1 SYSTEMPATH\Router\RouteCollection.php(1027): trigger_error('Passing lowercase HTTP method "get" is deprecated. Use uppercase HTTP method like "GET".', 16384)
 2 VENDORPATH\julio101290\boilerplate\src\Config\Routes.php(22): CodeIgniter\Router\RouteCollection->match([...], 'profile', 'UserController::profile', [...])
 3 SYSTEMPATH\Router\RouteCollection.php(800): CodeIgniter\Router\RouteCollection->{closure}(Object(CodeIgniter\Router\RouteCollection))
 4 VENDORPATH\julio101290\boilerplate\src\Config\Routes.php(18): CodeIgniter\Router\RouteCollection->group('user', [...], Object(Closure))
 5 SYSTEMPATH\Router\RouteCollection.php(800): CodeIgniter\Router\RouteCollection->{closure}(Object(CodeIgniter\Router\RouteCollection))
 6 VENDORPATH\julio101290\boilerplate\src\Config\Routes.php(3): CodeIgniter\Router\RouteCollection->group('admin', Object(Closure))
 7 SYSTEMPATH\Router\RouteCollection.php(373): include('D:\\Datos\\Fuentes\\CI4medicalSoft\\vendor\\julio101290\\boilerplate\\src\\Config\\Routes.php')
 8 SYSTEMPATH\Router\RouteCollection.php(343): CodeIgniter\Router\RouteCollection->discoverRoutes()
 9 SYSTEMPATH\CodeIgniter.php(823): CodeIgniter\Router\RouteCollection->loadRoutes()
10 SYSTEMPATH\CodeIgniter.php(457): CodeIgniter\CodeIgniter->tryToRouteIt(null)
11 SYSTEMPATH\CodeIgniter.php(355): CodeIgniter\CodeIgniter->handleRequest(null, Object(Config\Cache), false)
12 SYSTEMPATH\Boot.php(325): CodeIgniter\CodeIgniter->run()
13 SYSTEMPATH\Boot.php(67): CodeIgniter\Boot::runCodeIgniter(Object(CodeIgniter\CodeIgniter))
14 FCPATH\index.php(56): CodeIgniter\Boot::bootWeb(Object(Config\Paths))
15 SYSTEMPATH\rewrite.php(44): require_once('D:\\Datos\\Fuentes\\CI4medicalSoft\\public\\index.php')
WARNING - 2024-11-12 16:15:59 --> [DEPRECATED] Passing lowercase HTTP method "post" is deprecated. Use uppercase HTTP method like "POST". in SYSTEMPATH\Router\RouteCollection.php on line 1027.
 1 SYSTEMPATH\Router\RouteCollection.php(1027): trigger_error('Passing lowercase HTTP method "post" is deprecated. Use uppercase HTTP method like "POST".', 16384)
 2 VENDORPATH\julio101290\boilerplate\src\Config\Routes.php(22): CodeIgniter\Router\RouteCollection->match([...], 'profile', 'UserController::profile', [...])
 3 SYSTEMPATH\Router\RouteCollection.php(800): CodeIgniter\Router\RouteCollection->{closure}(Object(CodeIgniter\Router\RouteCollection))
 4 VENDORPATH\julio101290\boilerplate\src\Config\Routes.php(18): CodeIgniter\Router\RouteCollection->group('user', [...], Object(Closure))
 5 SYSTEMPATH\Router\RouteCollection.php(800): CodeIgniter\Router\RouteCollection->{closure}(Object(CodeIgniter\Router\RouteCollection))
 6 VENDORPATH\julio101290\boilerplate\src\Config\Routes.php(3): CodeIgniter\Router\RouteCollection->group('admin', Object(Closure))
 7 SYSTEMPATH\Router\RouteCollection.php(373): include('D:\\Datos\\Fuentes\\CI4medicalSoft\\vendor\\julio101290\\boilerplate\\src\\Config\\Routes.php')
 8 SYSTEMPATH\Router\RouteCollection.php(343): CodeIgniter\Router\RouteCollection->discoverRoutes()
 9 SYSTEMPATH\CodeIgniter.php(823): CodeIgniter\Router\RouteCollection->loadRoutes()
10 SYSTEMPATH\CodeIgniter.php(457): CodeIgniter\CodeIgniter->tryToRouteIt(null)
11 SYSTEMPATH\CodeIgniter.php(355): CodeIgniter\CodeIgniter->handleRequest(null, Object(Config\Cache), false)
12 SYSTEMPATH\Boot.php(325): CodeIgniter\CodeIgniter->run()
13 SYSTEMPATH\Boot.php(67): CodeIgniter\Boot::runCodeIgniter(Object(CodeIgniter\CodeIgniter))
14 FCPATH\index.php(56): CodeIgniter\Boot::bootWeb(Object(Config\Paths))
15 SYSTEMPATH\rewrite.php(44): require_once('D:\\Datos\\Fuentes\\CI4medicalSoft\\public\\index.php')
INFO - 2024-11-12 16:15:59 --> Session: Class initialized using 'CodeIgniter\Session\Handlers\FileHandler' driver.
WARNING - 2024-11-12 16:16:00 --> [DEPRECATED] Passing lowercase HTTP method "get" is deprecated. Use uppercase HTTP method like "GET". in SYSTEMPATH\Router\RouteCollection.php on line 1027.
 1 SYSTEMPATH\Router\RouteCollection.php(1027): trigger_error('Passing lowercase HTTP method "get" is deprecated. Use uppercase HTTP method like "GET".', 16384)
 2 VENDORPATH\julio101290\boilerplate\src\Config\Routes.php(22): CodeIgniter\Router\RouteCollection->match([...], 'profile', 'UserController::profile', [...])
 3 SYSTEMPATH\Router\RouteCollection.php(800): CodeIgniter\Router\RouteCollection->{closure}(Object(CodeIgniter\Router\RouteCollection))
 4 VENDORPATH\julio101290\boilerplate\src\Config\Routes.php(18): CodeIgniter\Router\RouteCollection->group('user', [...], Object(Closure))
 5 SYSTEMPATH\Router\RouteCollection.php(800): CodeIgniter\Router\RouteCollection->{closure}(Object(CodeIgniter\Router\RouteCollection))
 6 VENDORPATH\julio101290\boilerplate\src\Config\Routes.php(3): CodeIgniter\Router\RouteCollection->group('admin', Object(Closure))
 7 SYSTEMPATH\Router\RouteCollection.php(373): include('D:\\Datos\\Fuentes\\CI4medicalSoft\\vendor\\julio101290\\boilerplate\\src\\Config\\Routes.php')
 8 SYSTEMPATH\Router\RouteCollection.php(343): CodeIgniter\Router\RouteCollection->discoverRoutes()
 9 SYSTEMPATH\CodeIgniter.php(823): CodeIgniter\Router\RouteCollection->loadRoutes()
10 SYSTEMPATH\CodeIgniter.php(457): CodeIgniter\CodeIgniter->tryToRouteIt(null)
11 SYSTEMPATH\CodeIgniter.php(355): CodeIgniter\CodeIgniter->handleRequest(null, Object(Config\Cache), false)
12 SYSTEMPATH\Boot.php(325): CodeIgniter\CodeIgniter->run()
13 SYSTEMPATH\Boot.php(67): CodeIgniter\Boot::runCodeIgniter(Object(CodeIgniter\CodeIgniter))
14 FCPATH\index.php(56): CodeIgniter\Boot::bootWeb(Object(Config\Paths))
15 SYSTEMPATH\rewrite.php(44): require_once('D:\\Datos\\Fuentes\\CI4medicalSoft\\public\\index.php')
WARNING - 2024-11-12 16:16:00 --> [DEPRECATED] Passing lowercase HTTP method "post" is deprecated. Use uppercase HTTP method like "POST". in SYSTEMPATH\Router\RouteCollection.php on line 1027.
 1 SYSTEMPATH\Router\RouteCollection.php(1027): trigger_error('Passing lowercase HTTP method "post" is deprecated. Use uppercase HTTP method like "POST".', 16384)
 2 VENDORPATH\julio101290\boilerplate\src\Config\Routes.php(22): CodeIgniter\Router\RouteCollection->match([...], 'profile', 'UserController::profile', [...])
 3 SYSTEMPATH\Router\RouteCollection.php(800): CodeIgniter\Router\RouteCollection->{closure}(Object(CodeIgniter\Router\RouteCollection))
 4 VENDORPATH\julio101290\boilerplate\src\Config\Routes.php(18): CodeIgniter\Router\RouteCollection->group('user', [...], Object(Closure))
 5 SYSTEMPATH\Router\RouteCollection.php(800): CodeIgniter\Router\RouteCollection->{closure}(Object(CodeIgniter\Router\RouteCollection))
 6 VENDORPATH\julio101290\boilerplate\src\Config\Routes.php(3): CodeIgniter\Router\RouteCollection->group('admin', Object(Closure))
 7 SYSTEMPATH\Router\RouteCollection.php(373): include('D:\\Datos\\Fuentes\\CI4medicalSoft\\vendor\\julio101290\\boilerplate\\src\\Config\\Routes.php')
 8 SYSTEMPATH\Router\RouteCollection.php(343): CodeIgniter\Router\RouteCollection->discoverRoutes()
 9 SYSTEMPATH\CodeIgniter.php(823): CodeIgniter\Router\RouteCollection->loadRoutes()
10 SYSTEMPATH\CodeIgniter.php(457): CodeIgniter\CodeIgniter->tryToRouteIt(null)
11 SYSTEMPATH\CodeIgniter.php(355): CodeIgniter\CodeIgniter->handleRequest(null, Object(Config\Cache), false)
12 SYSTEMPATH\Boot.php(325): CodeIgniter\CodeIgniter->run()
13 SYSTEMPATH\Boot.php(67): CodeIgniter\Boot::runCodeIgniter(Object(CodeIgniter\CodeIgniter))
14 FCPATH\index.php(56): CodeIgniter\Boot::bootWeb(Object(Config\Paths))
15 SYSTEMPATH\rewrite.php(44): require_once('D:\\Datos\\Fuentes\\CI4medicalSoft\\public\\index.php')
INFO - 2024-11-12 16:16:00 --> Session: Class initialized using 'CodeIgniter\Session\Handlers\FileHandler' driver.
WARNING - 2024-11-12 16:16:03 --> [DEPRECATED] Passing lowercase HTTP method "get" is deprecated. Use uppercase HTTP method like "GET". in SYSTEMPATH\Router\RouteCollection.php on line 1027.
 1 SYSTEMPATH\Router\RouteCollection.php(1027): trigger_error('Passing lowercase HTTP method "get" is deprecated. Use uppercase HTTP method like "GET".', 16384)
 2 VENDORPATH\julio101290\boilerplate\src\Config\Routes.php(22): CodeIgniter\Router\RouteCollection->match([...], 'profile', 'UserController::profile', [...])
 3 SYSTEMPATH\Router\RouteCollection.php(800): CodeIgniter\Router\RouteCollection->{closure}(Object(CodeIgniter\Router\RouteCollection))
 4 VENDORPATH\julio101290\boilerplate\src\Config\Routes.php(18): CodeIgniter\Router\RouteCollection->group('user', [...], Object(Closure))
 5 SYSTEMPATH\Router\RouteCollection.php(800): CodeIgniter\Router\RouteCollection->{closure}(Object(CodeIgniter\Router\RouteCollection))
 6 VENDORPATH\julio101290\boilerplate\src\Config\Routes.php(3): CodeIgniter\Router\RouteCollection->group('admin', Object(Closure))
 7 SYSTEMPATH\Router\RouteCollection.php(373): include('D:\\Datos\\Fuentes\\CI4medicalSoft\\vendor\\julio101290\\boilerplate\\src\\Config\\Routes.php')
 8 SYSTEMPATH\Router\RouteCollection.php(343): CodeIgniter\Router\RouteCollection->discoverRoutes()
 9 SYSTEMPATH\CodeIgniter.php(823): CodeIgniter\Router\RouteCollection->loadRoutes()
10 SYSTEMPATH\CodeIgniter.php(457): CodeIgniter\CodeIgniter->tryToRouteIt(null)
11 SYSTEMPATH\CodeIgniter.php(355): CodeIgniter\CodeIgniter->handleRequest(null, Object(Config\Cache), false)
12 SYSTEMPATH\Boot.php(325): CodeIgniter\CodeIgniter->run()
13 SYSTEMPATH\Boot.php(67): CodeIgniter\Boot::runCodeIgniter(Object(CodeIgniter\CodeIgniter))
14 FCPATH\index.php(56): CodeIgniter\Boot::bootWeb(Object(Config\Paths))
15 SYSTEMPATH\rewrite.php(44): require_once('D:\\Datos\\Fuentes\\CI4medicalSoft\\public\\index.php')
WARNING - 2024-11-12 16:16:03 --> [DEPRECATED] Passing lowercase HTTP method "post" is deprecated. Use uppercase HTTP method like "POST". in SYSTEMPATH\Router\RouteCollection.php on line 1027.
 1 SYSTEMPATH\Router\RouteCollection.php(1027): trigger_error('Passing lowercase HTTP method "post" is deprecated. Use uppercase HTTP method like "POST".', 16384)
 2 VENDORPATH\julio101290\boilerplate\src\Config\Routes.php(22): CodeIgniter\Router\RouteCollection->match([...], 'profile', 'UserController::profile', [...])
 3 SYSTEMPATH\Router\RouteCollection.php(800): CodeIgniter\Router\RouteCollection->{closure}(Object(CodeIgniter\Router\RouteCollection))
 4 VENDORPATH\julio101290\boilerplate\src\Config\Routes.php(18): CodeIgniter\Router\RouteCollection->group('user', [...], Object(Closure))
 5 SYSTEMPATH\Router\RouteCollection.php(800): CodeIgniter\Router\RouteCollection->{closure}(Object(CodeIgniter\Router\RouteCollection))
 6 VENDORPATH\julio101290\boilerplate\src\Config\Routes.php(3): CodeIgniter\Router\RouteCollection->group('admin', Object(Closure))
 7 SYSTEMPATH\Router\RouteCollection.php(373): include('D:\\Datos\\Fuentes\\CI4medicalSoft\\vendor\\julio101290\\boilerplate\\src\\Config\\Routes.php')
 8 SYSTEMPATH\Router\RouteCollection.php(343): CodeIgniter\Router\RouteCollection->discoverRoutes()
 9 SYSTEMPATH\CodeIgniter.php(823): CodeIgniter\Router\RouteCollection->loadRoutes()
10 SYSTEMPATH\CodeIgniter.php(457): CodeIgniter\CodeIgniter->tryToRouteIt(null)
11 SYSTEMPATH\CodeIgniter.php(355): CodeIgniter\CodeIgniter->handleRequest(null, Object(Config\Cache), false)
12 SYSTEMPATH\Boot.php(325): CodeIgniter\CodeIgniter->run()
13 SYSTEMPATH\Boot.php(67): CodeIgniter\Boot::runCodeIgniter(Object(CodeIgniter\CodeIgniter))
14 FCPATH\index.php(56): CodeIgniter\Boot::bootWeb(Object(Config\Paths))
15 SYSTEMPATH\rewrite.php(44): require_once('D:\\Datos\\Fuentes\\CI4medicalSoft\\public\\index.php')
INFO - 2024-11-12 16:16:03 --> Session: Class initialized using 'CodeIgniter\Session\Handlers\FileHandler' driver.
